[20/1/2013 20:8:15] /a 1
[20/1/2013 20:10:43] /a 1
[20/1/2013 20:10:49] /a 1
[20/1/2013 20:11:37] /down
[20/1/2013 20:15:31] /i golden nugget
[20/1/2013 20:15:35] /i golden nugget
[20/1/2013 20:15:46] /i gold ignot
[20/1/2013 20:15:48] /i gold ignot
[20/1/2013 20:15:57] /i gold ingot
[20/1/2013 20:18:1] /i crystal coin
[20/1/2013 20:18:14] /i crystal coin
[20/1/2013 20:40:23] /t
[20/1/2013 21:7:15] /i medal of honor
[20/1/2013 21:7:37] /i 5785
[20/1/2013 21:28:52] /t
[20/1/2013 21:33:8] /t
[20/1/2013 21:34:4] /a 1
[20/1/2013 21:34:5] /a 1
[20/1/2013 21:34:8] /a 3
[20/1/2013 21:34:10] /a 3
[20/1/2013 21:34:12] /a 3
[20/1/2013 21:34:17] /down
[20/1/2013 21:34:18] /down
[20/1/2013 21:34:19] /a 3
[20/1/2013 21:37:16] /reload creaturescripts
[20/1/2013 21:37:24] /t
[20/1/2013 21:38:5] /t
[20/1/2013 21:48:57] /a 1
[20/1/2013 21:53:5] /t
[20/1/2013 21:54:17] /ghost
[20/1/2013 21:54:19] /ghost
[20/1/2013 21:59:34] /goto GOD blunt
[20/1/2013 21:59:42] /ghost
[20/1/2013 21:59:43] /ghost
[20/1/2013 22:48:24] /a 2
[20/1/2013 22:48:28] /a 2
[20/1/2013 22:48:28] /a 2
[20/1/2013 22:48:44] /a 2
[20/1/2013 22:57:2] /r
[20/1/2013 23:5:10] /down
[20/1/2013 23:7:29] /t
[20/1/2013 23:9:18] /t
[21/1/2013 1:6:14] /reload creaturescript
[21/1/2013 1:7:36] /reload creaturescript
[21/1/2013 1:8:33] /reload creaturescript
[21/1/2013 1:8:59] /reload creaturescript
[21/1/2013 1:10:13] /reload creaturescript
[21/1/2013 1:11:39] /reload creaturescript
[21/1/2013 1:13:34] /reload creaturescript
[21/1/2013 12:9:29] /reload global events
[21/1/2013 12:10:49] /reload actions
[21/1/2013 12:11:52] /reload actions
[21/1/2013 12:22:5] /reload actions
[21/1/2013 12:30:35] /a 3
[21/1/2013 12:30:51] /r
[21/1/2013 12:43:49] /i 1214
[21/1/2013 12:44:23] /reload items
[21/1/2013 12:44:36] /save
[21/1/2013 12:48:59] /i 1213
[21/1/2013 12:49:9] /i 1213
[21/1/2013 12:49:24] /i 1213
[21/1/2013 12:56:1] /i 1213
[21/1/2013 12:57:28] /save
[21/1/2013 13:23:15] /down
[21/1/2013 13:23:19] /up
[21/1/2013 13:23:27] /a 1
[21/1/2013 13:23:28] /a 1
[21/1/2013 13:23:29] /a 1
[21/1/2013 13:23:30] /a 1
[21/1/2013 13:23:33] /a 1
[21/1/2013 13:23:33] /a 1
[21/1/2013 13:23:34] /a 1
[21/1/2013 13:25:15] /reload globalscripts
[21/1/2013 13:25:24] /reload globalevents
[21/1/2013 13:26:31] /reload globalevents
[21/1/2013 13:27:25] /reload globalevents
[21/1/2013 13:27:44] /reload globalevents
[21/1/2013 13:28:48] /m rat
[21/1/2013 13:29:1] /t
[21/1/2013 13:30:50] /a 2
[21/1/2013 13:30:57] /a 2
[21/1/2013 13:30:58] /a 2
[21/1/2013 13:30:58] /a 2
[21/1/2013 13:30:59] /a 2
[21/1/2013 13:30:59] /a 2
[21/1/2013 13:31:22] /a 2
[21/1/2013 13:31:22] /a 2
[21/1/2013 13:31:24] /a 2
[21/1/2013 13:41:37] /i iron ore
[21/1/2013 14:7:1] /up
[21/1/2013 14:11:35] /up
[21/1/2013 14:12:56] /up
[21/1/2013 14:12:57] /up
[21/1/2013 14:21:51] /a 10
[21/1/2013 14:21:52] /a 10
[21/1/2013 14:21:53] /a 10
[21/1/2013 14:30:16] /up
[21/1/2013 14:30:17] /up
[21/1/2013 14:32:34] /down
[21/1/2013 14:33:17] /down
[21/1/2013 14:33:22] /down
[21/1/2013 14:33:25] /up
[21/1/2013 14:33:29] /down
[21/1/2013 14:33:37] /up
[21/1/2013 14:33:38] /up
[21/1/2013 14:33:56] /up
[21/1/2013 14:34:10] /down
[21/1/2013 14:38:30] /down
[21/1/2013 14:38:31] /down
[21/1/2013 14:39:1] /down
[21/1/2013 14:40:24] /a 2
[21/1/2013 14:40:28] /a 2
[21/1/2013 14:51:53] /save
[21/1/2013 14:53:57] /i iron ore
[21/1/2013 14:55:29] /i demon horn
[21/1/2013 14:59:52] /reload actions
[21/1/2013 15:0:17] /reload actions
[21/1/2013 15:0:49] /reload actions
[21/1/2013 15:0:53] /down
[21/1/2013 15:0:55] /down
[21/1/2013 15:0:58] /up
[21/1/2013 15:0:59] /down
[21/1/2013 15:2:23] /down
[21/1/2013 15:2:34] /a 2
[21/1/2013 15:2:35] /a 2
[21/1/2013 15:2:37] /a 2
[21/1/2013 15:3:34] /i behemoth claw
[21/1/2013 15:3:50] /a 2
[21/1/2013 15:3:50] /a 2
[21/1/2013 15:3:56] /a 2
[21/1/2013 15:3:56] /a 2
[21/1/2013 15:3:56] /a 2
[21/1/2013 15:4:1] /a 2
[21/1/2013 15:4:1] /a 2
[21/1/2013 15:4:2] /a 2
[21/1/2013 15:4:2] /a 2
[21/1/2013 15:4:3] /a 2
[21/1/2013 15:4:3] /a 2
[21/1/2013 15:4:5] /a 2
[21/1/2013 15:4:6] /a 2
[21/1/2013 15:4:6] /a 2
[21/1/2013 15:4:11] /a 2
[21/1/2013 15:4:11] /a 2
[21/1/2013 15:4:12] /a 2
[21/1/2013 15:4:13] /a 2
[21/1/2013 15:4:14] /a 2
[21/1/2013 15:4:15] /a 2
[21/1/2013 15:4:17] /a 2
[21/1/2013 15:4:18] /a 2
[21/1/2013 15:4:21] /a 10
[21/1/2013 15:4:28] /a 10
[21/1/2013 15:4:44] /t
[21/1/2013 15:5:48] /i holy orshid
[21/1/2013 15:6:2] /i holy orchid
[21/1/2013 15:7:2] /a 10
[21/1/2013 15:7:11] /a 10
[21/1/2013 15:7:13] /a 10
[21/1/2013 15:7:15] /a 10
[21/1/2013 15:7:18] /a 5
[21/1/2013 15:7:24] /a 5
[21/1/2013 15:7:25] /a 5
[21/1/2013 15:7:29] /a 5
[21/1/2013 15:7:30] /a 5
[21/1/2013 15:7:32] /a 5
[21/1/2013 15:7:38] /a 5
[21/1/2013 15:7:43] /a 5
[21/1/2013 15:7:45] /a 5
[21/1/2013 15:7:47] /a 5
[21/1/2013 15:7:49] /a 5
[21/1/2013 15:7:50] /a 5
[21/1/2013 15:7:52] /a 5
[21/1/2013 15:7:53] /a 5
[21/1/2013 15:8:7] /a 5
[21/1/2013 15:8:9] /a 5
[21/1/2013 15:8:24] /a 5
[21/1/2013 15:8:45] /a 5
[21/1/2013 15:8:49] /a 5
[21/1/2013 15:9:6] /a 5
[21/1/2013 15:9:8] /a 5
[21/1/2013 15:9:9] /a 5
[21/1/2013 15:9:12] /a 5
[21/1/2013 15:9:44] /a 5
[21/1/2013 15:11:7] /a 5
[21/1/2013 15:11:34] /a 10
[21/1/2013 15:11:51] /a 10
[21/1/2013 15:12:2] /a 10
[21/1/2013 15:12:3] /a 10
[21/1/2013 15:12:4] /a 10
[21/1/2013 15:12:7] /a 10
[21/1/2013 15:12:11] /a 10
[21/1/2013 15:12:13] /a 10
[21/1/2013 15:12:16] /a 10
[21/1/2013 15:12:21] /a 10
[21/1/2013 15:12:23] /a 10
[21/1/2013 15:12:24] /a 10
[21/1/2013 15:14:40] /a 5
[21/1/2013 15:14:48] /a 5
[21/1/2013 15:14:49] /a 5
[21/1/2013 15:15:30] /a 5
[21/1/2013 15:15:31] /a 5
[21/1/2013 15:15:33] /a 5
[21/1/2013 15:15:34] /a 5
[21/1/2013 15:15:34] /a 5
[21/1/2013 15:16:14] /a 5
[21/1/2013 15:16:14] /a 5
[21/1/2013 15:38:16] /reload creaturescript
[21/1/2013 15:39:17] /reload creaturescript
[21/1/2013 15:39:55] /reload creaturescript
[21/1/2013 15:40:7] /reload creaturescript
[21/1/2013 15:40:58] /reload creaturescript
[21/1/2013 15:46:0] /reload mods
[21/1/2013 15:47:30] /reload actions
