[30/1/2013 0:1:25] /reload actions
[30/1/2013 0:3:6] /r
[30/1/2013 0:3:7] /r
[30/1/2013 0:3:9] /r
[30/1/2013 0:3:10] /r
[30/1/2013 0:3:17] /r
[30/1/2013 0:3:25] /r
[30/1/2013 0:5:22] /i 1485
[30/1/2013 0:5:25] /r
[30/1/2013 0:5:31] /r
[30/1/2013 0:5:36] /r
[30/1/2013 0:5:40] /i 1485
[30/1/2013 0:5:43] /r
[30/1/2013 0:5:44] /r
[30/1/2013 0:5:46] /r
[30/1/2013 0:5:47] /r
[30/1/2013 0:5:48] /r
[30/1/2013 0:5:49] /r
[30/1/2013 0:12:55] /reload actions
[30/1/2013 14:39:13] /i Chayenne's Magical Key
[30/1/2013 14:39:15] /i Chayenne's Magical Key
[30/1/2013 14:39:17] /i Chayenne's Magical Key
[30/1/2013 14:39:34] /i Elemental Crystal
[30/1/2013 14:40:57] /reload actions
[30/1/2013 14:41:25] /i steel boots
[30/1/2013 14:42:41] /i Wooden Sword
[30/1/2013 14:42:42] /i Wooden Sword
[30/1/2013 14:44:12] /i Northern Star
[30/1/2013 14:44:47] /reload actions
[30/1/2013 14:44:55] /i steel boots
[30/1/2013 14:45:6] /i steel boots
[30/1/2013 14:45:58] /reload actions
[30/1/2013 14:46:2] /i steel boots
[30/1/2013 14:46:7] /i steel boots
[30/1/2013 14:47:59] /reload actions
[30/1/2013 15:7:17] /reload actions
[30/1/2013 15:8:50] /i 2184
[30/1/2013 15:21:31] /reload talkaction
[30/1/2013 15:22:52] /reload talkaction
[30/1/2013 18:2:32] /i magic plate armor
[30/1/2013 18:2:43] /i magic plate armor
[30/1/2013 18:4:37] /t
[30/1/2013 18:10:43] /up
[30/1/2013 18:11:43] /down
[30/1/2013 18:11:53] /up
[30/1/2013 18:11:55] /up
[30/1/2013 18:11:56] /up
[30/1/2013 18:13:44] /up
[30/1/2013 18:16:27] /t
[30/1/2013 18:20:27] /i amulet of loss
[30/1/2013 18:20:57] /i amulet of loss 1
[30/1/2013 18:20:58] /i amulet of loss 1
[30/1/2013 18:30:6] /down
[30/1/2013 18:30:24] /a 10
[30/1/2013 18:30:26] /a 10
[30/1/2013 18:30:27] /a 10
[30/1/2013 18:30:50] /up
[30/1/2013 18:30:50] /up
[30/1/2013 18:31:25] /up
[30/1/2013 18:31:25] /up
[30/1/2013 18:31:49] /i nightmare shield
[30/1/2013 18:35:33] /t
[30/1/2013 18:36:1] /a 3
[30/1/2013 18:37:11] /t
[30/1/2013 19:20:50] /up
[31/1/2013 15:54:48] /up
[31/1/2013 15:54:49] /up
[31/1/2013 15:56:40] /up
[31/1/2013 15:57:17] /i 459
[31/1/2013 15:57:28] /up
[31/1/2013 15:57:32] /up
[31/1/2013 15:57:35] /up
[31/1/2013 15:57:37] /up
[31/1/2013 15:57:39] /r
[31/1/2013 15:57:42] /r
[31/1/2013 15:57:46] /r
[31/1/2013 15:57:48] /r
[31/1/2013 15:57:54] /up
[31/1/2013 15:57:56] /up
[31/1/2013 15:58:0] /up
[31/1/2013 15:58:2] /up
[31/1/2013 15:59:39] /t
[31/1/2013 16:3:16] /save
[31/1/2013 16:3:19] /reload xml
[31/1/2013 16:3:25] /reload vocations
[31/1/2013 16:4:28] /save
[31/1/2013 16:4:33] /reload config
[31/1/2013 16:4:43] /reload vocations
[31/1/2013 16:4:52] /reload vocations
[31/1/2013 16:5:24] /reload vocations
[1/2/2013 14:24:49] /reload globalevents
[1/2/2013 14:52:51] /reload globalevents
[2/2/2013 13:35:12] /m ghazbaran
[2/2/2013 13:35:33] /addskill bossen, mg
[2/2/2013 13:35:35] /addskill bossen, mg
[2/2/2013 13:35:35] /addskill bossen, mg
[2/2/2013 13:35:36] /addskill bossen, mg
[2/2/2013 13:35:36] /addskill bossen, mg
[2/2/2013 13:35:36] /addskill bossen, mg
[2/2/2013 13:35:37] /addskill bossen, mg
[2/2/2013 13:35:37] /addskill bossen, mg
[2/2/2013 13:35:38] /addskill bossen, mg
[2/2/2013 13:35:38] /addskill bossen, mg
[2/2/2013 13:35:39] /addskill bossen, mg
[2/2/2013 13:35:40] /addskill bossen, mg
[2/2/2013 13:35:40] /addskill bossen, mg
[2/2/2013 13:35:41] /addskill bossen, mg
[2/2/2013 13:35:41] /addskill bossen, mg
[2/2/2013 13:35:42] /addskill bossen, mg
[2/2/2013 13:35:42] /addskill bossen, mg
[2/2/2013 13:35:43] /addskill bossen, mg
[2/2/2013 13:35:44] /addskill bossen, mg
[2/2/2013 13:35:44] /addskill bossen, mg
[2/2/2013 13:35:45] /addskill bossen, mg
[2/2/2013 13:35:45] /addskill bossen, mg
[2/2/2013 13:35:46] /addskill bossen, mg
[2/2/2013 13:35:46] /addskill bossen, mg
[2/2/2013 13:35:47] /addskill bossen, mg
[2/2/2013 13:35:47] /addskill bossen, mg
[2/2/2013 13:35:48] /addskill bossen, mg
[2/2/2013 13:35:49] /addskill bossen, mg
[2/2/2013 13:35:50] /addskill bossen, mg
[2/2/2013 13:35:51] /addskill bossen, mg
[2/2/2013 13:35:52] /addskill bossen, mg
[2/2/2013 13:35:52] /addskill bossen, mg
[2/2/2013 13:35:53] /addskill bossen, mg
[2/2/2013 13:35:54] /addskill bossen, mg
[2/2/2013 13:35:54] /addskill bossen, mg
[2/2/2013 13:35:55] /addskill bossen, mg
[2/2/2013 13:35:56] /addskill bossen, mg
[2/2/2013 13:35:56] /addskill bossen, mg
[2/2/2013 13:35:57] /addskill bossen, mg
[2/2/2013 13:35:58] /addskill bossen, mg
[2/2/2013 13:35:59] /addskill bossen, mg
[2/2/2013 13:35:59] /addskill bossen, mg
[2/2/2013 13:36:0] /addskill bossen, mg
[2/2/2013 13:36:0] /addskill bossen, mg
[2/2/2013 13:36:1] /addskill bossen, mg
[2/2/2013 13:36:1] /addskill bossen, mg
[2/2/2013 13:36:2] /addskill bossen, mg
[2/2/2013 13:36:4] /addskill bossen, mg
[2/2/2013 13:36:4] /addskill bossen, mg
[2/2/2013 13:36:5] /addskill bossen, mg
[2/2/2013 13:36:5] /addskill bossen, mg
[2/2/2013 13:36:6] /addskill bossen, mg
[2/2/2013 13:36:7] /addskill bossen, mg
[2/2/2013 13:36:8] /addskill bossen, mg
[2/2/2013 13:36:8] /addskill bossen, mg
[2/2/2013 13:36:9] /addskill bossen, mg
[2/2/2013 13:36:10] /addskill bossen, mg
[2/2/2013 13:36:10] /addskill bossen, mg
[2/2/2013 13:36:11] /addskill bossen, mg
[2/2/2013 13:36:12] /addskill bossen, mg
[2/2/2013 13:36:12] /addskill bossen, mg
[2/2/2013 13:36:13] /addskill bossen, mg
[2/2/2013 13:36:26] /addskill bossen, mg
[2/2/2013 13:36:27] /addskill bossen, mg
[2/2/2013 13:36:27] /addskill bossen, mg
[2/2/2013 13:36:27] /addskill bossen, mg
[2/2/2013 13:36:28] /addskill bossen, mg
[2/2/2013 13:36:29] /addskill bossen, mg
[2/2/2013 13:36:29] /addskill bossen, mg
[2/2/2013 13:36:30] /addskill bossen, mg
[2/2/2013 13:44:29] /goto god blunt
[2/2/2013 13:44:35] /t
[2/2/2013 13:44:42] /goto god blunt
[2/2/2013 13:45:9] /t
[2/2/2013 13:45:17] /goto god blunt
[2/2/2013 13:46:17] /s demon 
[2/2/2013 13:46:18] /s demon 
[2/2/2013 13:46:19] /s demon 
[2/2/2013 13:46:20] /s demon 
[2/2/2013 13:46:23] /s demon 
[2/2/2013 13:46:23] /s demon 
[2/2/2013 13:46:32] /s demon 
[2/2/2013 13:46:41] /s demon 
[2/2/2013 13:46:43] /s demon 
[2/2/2013 13:47:43] /s orshabaal
[2/2/2013 13:48:57] /t
[2/2/2013 13:53:53] /r
[2/2/2013 13:53:54] /r
[2/2/2013 13:53:55] /r
[2/2/2013 13:54:45] /i 1054
[2/2/2013 21:36:38] /t
[2/2/2013 21:37:10] /up
[2/2/2013 21:37:46] /up
[2/2/2013 21:38:14] /up
[2/2/2013 21:39:0] /up
[2/2/2013 21:39:14] /up
[2/2/2013 21:39:41] /up
[2/2/2013 21:39:43] /up
[2/2/2013 21:40:17] /t
[2/2/2013 21:41:20] /up
[2/2/2013 21:41:23] /down
[2/2/2013 21:41:33] /up
[2/2/2013 21:41:35] /t
[2/2/2013 21:42:13] /s morgaroth
[2/2/2013 21:49:39] /i assassin star
[2/2/2013 23:56:11] /m ghazbaran
[2/2/2013 23:56:19] /s margaroth
[2/2/2013 23:56:25] /s morgaroth
[2/2/2013 23:56:52] /s morgaroth
[2/2/2013 23:56:54] /m ghazbaran
[3/2/2013 0:3:31] /t
[3/2/2013 0:5:4] /t
[3/2/2013 0:5:38] /up
[3/2/2013 0:5:43] /up
[3/2/2013 0:5:51] /up
[3/2/2013 0:5:53] /up
[3/2/2013 0:7:48] /up
[3/2/2013 0:8:35] /up
[3/2/2013 0:9:38] /up
[3/2/2013 0:12:17] /r
[3/2/2013 0:13:23] /c god blunt
[3/2/2013 0:13:38] /up
[3/2/2013 0:14:30] /up
[3/2/2013 0:15:5] /down
[3/2/2013 0:16:20] /up
[3/2/2013 0:16:50] /up
[3/2/2013 0:18:38] /t
[3/2/2013 14:8:3] /i mana potion
[3/2/2013 14:20:5] /reload actions
[3/2/2013 14:30:49] /reload actions
[3/2/2013 14:31:59] /reload actions
[3/2/2013 14:38:44] /reload actions
[3/2/2013 14:42:38] /reload actions
[3/2/2013 14:43:25] /reload actions
[3/2/2013 14:50:4] /reload actions
[3/2/2013 14:51:18] /reload actions
[3/2/2013 14:53:32] /reload actions
[3/2/2013 14:53:54] /reload actions
[3/2/2013 14:54:36] /i red backpack
[3/2/2013 15:4:21] /reload actions
[3/2/2013 15:5:13] /reload actions
[3/2/2013 15:26:2] /up
[3/2/2013 15:28:56] /up
[3/2/2013 15:30:20] /up
[3/2/2013 15:42:57] /i 2279
[3/2/2013 15:44:59] /i 2290
[3/2/2013 15:48:44] /i 2261
[3/2/2013 15:48:59] /i 2293
[3/2/2013 15:50:13] /i 2269
[3/2/2013 15:53:20] /i 2301
[3/2/2013 15:56:5] /t
[3/2/2013 15:57:35] /a 50
[3/2/2013 15:57:37] /a 50
[3/2/2013 15:57:37] /a 50
[3/2/2013 15:57:39] /a 50
[3/2/2013 15:57:40] /a 50
[3/2/2013 15:57:41] /a 50
[3/2/2013 15:57:42] /a 50
[3/2/2013 15:57:45] /a 50
[3/2/2013 15:57:46] /a 50
[3/2/2013 15:57:48] /a 50
[3/2/2013 15:57:49] /a 50
[3/2/2013 15:57:51] /a 50
[3/2/2013 15:57:53] /a 50
[3/2/2013 15:57:54] /a 50
[3/2/2013 15:57:56] /a 50
[3/2/2013 15:57:58] /a 50
[3/2/2013 15:58:1] /a 50
[3/2/2013 15:58:2] /a 50
[3/2/2013 15:58:4] /a 50
[3/2/2013 15:58:6] /a 50
[3/2/2013 16:2:7] /t
[3/2/2013 16:3:38] /up
[3/2/2013 16:3:39] /up
[3/2/2013 16:3:41] /up
[3/2/2013 16:3:45] /down
[3/2/2013 16:3:47] /up
[3/2/2013 16:3:48] /up
[3/2/2013 16:3:49] /up
[3/2/2013 16:3:50] /up
[3/2/2013 16:3:51] /up
[3/2/2013 16:3:52] /up
[3/2/2013 16:3:59] /up
[3/2/2013 16:4:1] /up
[3/2/2013 16:4:2] /up
[3/2/2013 16:4:5] /up
[3/2/2013 16:4:6] /up
[3/2/2013 16:4:7] /up
[3/2/2013 16:4:8] /up
[3/2/2013 16:7:36] /ghost
[3/2/2013 16:7:38] /ghost
[3/2/2013 16:7:46] /goto GOD Blunt
[3/2/2013 16:17:1] /s orshabaal
[3/2/2013 17:2:14] /ghost
[3/2/2013 19:23:55] /save
[3/2/2013 19:36:7] /i assassin star
[3/2/2013 19:39:55] /t
[3/2/2013 19:53:52] /reload talkaction
[3/2/2013 19:54:59] /m rotworm queen
[3/2/2013 19:55:1] /m rotworm queen
[3/2/2013 19:55:2] /m rotworm queen
[3/2/2013 19:55:2] /m rotworm queen
[3/2/2013 19:55:3] /m rotworm queen
[3/2/2013 19:55:4] /m rotworm queen
[3/2/2013 19:55:5] /m rotworm queen
[3/2/2013 19:55:6] /m rotworm queen
[3/2/2013 19:55:7] /m rotworm queen
[3/2/2013 19:55:7] /m rotworm queen
[3/2/2013 19:55:20] /m rotworm queen
[3/2/2013 19:55:21] /m rotworm queen
[3/2/2013 19:55:21] /m rotworm queen
[3/2/2013 19:55:21] /m rotworm queen
[3/2/2013 19:55:21] /m rotworm queen
[3/2/2013 19:55:22] /m rotworm queen
[3/2/2013 19:55:22] /m rotworm queen
[3/2/2013 19:55:22] /m rotworm queen
[3/2/2013 19:55:22] /m rotworm queen
[3/2/2013 19:55:22] /m rotworm queen
[3/2/2013 19:55:22] /m rotworm queen
[3/2/2013 19:55:23] /m rotworm queen
[3/2/2013 19:55:23] /m rotworm queen
[3/2/2013 19:55:23] /m rotworm queen
[3/2/2013 19:55:23] /m rotworm queen
[3/2/2013 19:55:23] /m rotworm queen
[3/2/2013 19:55:23] /m rotworm queen
[3/2/2013 19:55:23] /m rotworm queen
[3/2/2013 19:55:24] /m rotworm queen
[3/2/2013 19:55:24] /m rotworm queen
[3/2/2013 19:55:26] /m rotworm queen
[3/2/2013 19:55:27] /m rotworm queen
[3/2/2013 19:55:27] /m rotworm queen
[3/2/2013 19:55:27] /m rotworm queen
[3/2/2013 19:55:27] /m rotworm queen
[3/2/2013 19:55:28] /m rotworm queen
[3/2/2013 19:55:28] /m rotworm queen
[3/2/2013 19:55:28] /m rotworm queen
[3/2/2013 19:55:28] /m rotworm queen
[3/2/2013 19:55:28] /m rotworm queen
[3/2/2013 19:55:29] /m rotworm queen
[3/2/2013 19:55:29] /m rotworm queen
[3/2/2013 19:55:29] /m rotworm queen
[3/2/2013 19:55:29] /m rotworm queen
[3/2/2013 19:55:30] /m rotworm queen
[3/2/2013 19:55:30] /m rotworm queen
[3/2/2013 19:55:30] /m rotworm queen
[3/2/2013 19:55:30] /m rotworm queen
[3/2/2013 19:55:31] /m rotworm queen
[3/2/2013 19:55:32] /m rotworm queen
[3/2/2013 19:55:32] /m rotworm queen
[3/2/2013 19:55:32] /m rotworm queen
[3/2/2013 19:55:33] /m rotworm queen
[3/2/2013 19:55:33] /m rotworm queen
[3/2/2013 19:55:33] /m rotworm queen
[3/2/2013 19:55:33] /m rotworm queen
[3/2/2013 19:55:33] /m rotworm queen
[3/2/2013 19:55:34] /m rotworm queen
[3/2/2013 19:55:34] /m rotworm queen
[3/2/2013 19:55:34] /m rotworm queen
[3/2/2013 19:55:34] /m rotworm queen
[3/2/2013 19:55:34] /m rotworm queen
[3/2/2013 19:55:34] /m rotworm queen
[3/2/2013 19:55:35] /m rotworm queen
[3/2/2013 19:55:35] /m rotworm queen
[3/2/2013 19:55:35] /m rotworm queen
[3/2/2013 19:55:35] /m rotworm queen
[3/2/2013 19:55:35] /m rotworm queen
[3/2/2013 19:55:35] /m rotworm queen
[3/2/2013 19:55:36] /m rotworm queen
[3/2/2013 19:55:36] /m rotworm queen
[3/2/2013 19:55:36] /m rotworm queen
[3/2/2013 19:55:36] /m rotworm queen
[3/2/2013 19:55:36] /m rotworm queen
[3/2/2013 19:55:36] /m rotworm queen
[3/2/2013 19:55:37] /m rotworm queen
[3/2/2013 19:55:37] /m rotworm queen
[3/2/2013 19:55:37] /m rotworm queen
[3/2/2013 19:55:37] /m rotworm queen
[3/2/2013 19:55:37] /m rotworm queen
[3/2/2013 19:55:37] /m rotworm queen
[3/2/2013 19:55:38] /m rotworm queen
[3/2/2013 19:55:38] /m rotworm queen
[3/2/2013 19:55:38] /m rotworm queen
[3/2/2013 19:55:38] /m rotworm queen
[3/2/2013 19:55:38] /m rotworm queen
[3/2/2013 19:55:38] /m rotworm queen
[3/2/2013 19:55:39] /m rotworm queen
[3/2/2013 19:55:39] /m rotworm queen
[3/2/2013 19:55:39] /m rotworm queen
[3/2/2013 19:55:39] /m rotworm queen
[3/2/2013 19:55:39] /m rotworm queen
[3/2/2013 19:55:39] /m rotworm queen
[3/2/2013 19:55:40] /m rotworm queen
[3/2/2013 19:55:40] /m rotworm queen
[3/2/2013 19:55:41] /m rotworm queen
[3/2/2013 19:55:54] /m rotworm queen
[3/2/2013 19:55:54] /m rotworm queen
[3/2/2013 19:55:55] /m rotworm queen
[3/2/2013 19:55:55] /m rotworm queen
[3/2/2013 19:55:55] /m rotworm queen
[3/2/2013 19:55:55] /m rotworm queen
[3/2/2013 19:55:55] /m rotworm queen
[3/2/2013 19:55:56] /m rotworm queen
[3/2/2013 19:55:56] /m rotworm queen
[3/2/2013 19:55:56] /m rotworm queen
[3/2/2013 19:55:56] /m rotworm queen
[3/2/2013 19:55:56] /m rotworm queen
[3/2/2013 19:55:57] /m rotworm queen
[3/2/2013 19:55:57] /m rotworm queen
[3/2/2013 19:55:57] /m rotworm queen
[3/2/2013 19:55:57] /m rotworm queen
[3/2/2013 19:55:57] /m rotworm queen
[3/2/2013 19:55:57] /m rotworm queen
[3/2/2013 19:55:58] /m rotworm queen
[3/2/2013 19:55:58] /m rotworm queen
[3/2/2013 19:55:58] /m rotworm queen
[3/2/2013 19:55:58] /m rotworm queen
[3/2/2013 19:55:58] /m rotworm queen
[3/2/2013 19:55:58] /m rotworm queen
[3/2/2013 19:55:59] /m rotworm queen
[3/2/2013 19:55:59] /m rotworm queen
[3/2/2013 19:55:59] /m rotworm queen
[3/2/2013 19:55:59] /m rotworm queen
[3/2/2013 19:56:0] /m rotworm queen
[3/2/2013 19:56:0] /m rotworm queen
[3/2/2013 19:56:1] /m rotworm queen
[3/2/2013 19:56:1] /m rotworm queen
[3/2/2013 19:56:1] /m rotworm queen
[3/2/2013 19:56:1] /m rotworm queen
[3/2/2013 19:56:1] /m rotworm queen
[3/2/2013 19:56:1] /m rotworm queen
[3/2/2013 19:56:2] /m rotworm queen
[3/2/2013 19:56:2] /m rotworm queen
[3/2/2013 19:56:2] /m rotworm queen
[3/2/2013 19:56:2] /m rotworm queen
[3/2/2013 19:56:2] /m rotworm queen
[3/2/2013 19:56:2] /m rotworm queen
[3/2/2013 19:56:2] /m rotworm queen
[3/2/2013 19:56:3] /m rotworm queen
[3/2/2013 19:56:3] /m rotworm queen
[3/2/2013 19:56:3] /m rotworm queen
[3/2/2013 19:56:3] /m rotworm queen
[3/2/2013 19:56:3] /m rotworm queen
[3/2/2013 19:56:3] /m rotworm queen
[3/2/2013 19:56:4] /m rotworm queen
[3/2/2013 19:56:5] /m rotworm queen
[3/2/2013 19:56:5] /m rotworm queen
[3/2/2013 19:56:6] /m rotworm queen
[3/2/2013 19:56:6] /m rotworm queen
[3/2/2013 19:56:6] /m rotworm queen
[3/2/2013 19:56:7] /m rotworm queen
[3/2/2013 19:56:7] /m rotworm queen
[3/2/2013 19:56:7] /m rotworm queen
[3/2/2013 19:56:7] /m rotworm queen
[3/2/2013 19:56:7] /m rotworm queen
[3/2/2013 19:56:8] /m rotworm queen
[3/2/2013 19:56:9] /m rotworm queen
[3/2/2013 19:56:10] /m rotworm queen
[3/2/2013 19:56:10] /m rotworm queen
[3/2/2013 19:56:11] /m rotworm queen
[3/2/2013 19:56:11] /m rotworm queen
[3/2/2013 19:56:11] /m rotworm queen
[3/2/2013 19:56:12] /m rotworm queen
[3/2/2013 19:56:15] /m rotworm queen
[3/2/2013 19:56:15] /m rotworm queen
[3/2/2013 19:56:16] /m rotworm queen
[3/2/2013 19:56:16] /m rotworm queen
[3/2/2013 19:56:16] /m rotworm queen
[3/2/2013 19:56:16] /m rotworm queen
[3/2/2013 19:56:16] /m rotworm queen
[3/2/2013 19:56:16] /m rotworm queen
[3/2/2013 19:56:17] /m rotworm queen
[3/2/2013 19:56:17] /m rotworm queen
[3/2/2013 19:56:17] /m rotworm queen
[3/2/2013 19:56:17] /m rotworm queen
[3/2/2013 19:56:18] /m rotworm queen
[3/2/2013 19:56:18] /m rotworm queen
[3/2/2013 19:56:18] /m rotworm queen
[3/2/2013 19:56:18] /m rotworm queen
[3/2/2013 19:56:18] /m rotworm queen
[3/2/2013 19:56:19] /m rotworm queen
[3/2/2013 19:56:19] /m rotworm queen
[3/2/2013 19:56:19] /m rotworm queen
[3/2/2013 19:56:19] /m rotworm queen
[3/2/2013 19:56:19] /m rotworm queen
[3/2/2013 19:56:19] /m rotworm queen
[3/2/2013 19:56:20] /m rotworm queen
[3/2/2013 19:56:20] /m rotworm queen
[3/2/2013 19:56:20] /m rotworm queen
[3/2/2013 19:56:21] /m rotworm queen
[3/2/2013 19:56:21] /m rotworm queen
[3/2/2013 19:56:21] /m rotworm queen
[3/2/2013 19:56:22] /m rotworm queen
[3/2/2013 19:56:23] /m rotworm queen
[3/2/2013 19:56:23] /m rotworm queen
[3/2/2013 19:56:23] /m rotworm queen
[3/2/2013 19:56:23] /m rotworm queen
[3/2/2013 19:56:23] /m rotworm queen
[3/2/2013 19:56:27] /m rotworm queen
[3/2/2013 19:56:28] /m rotworm queen
[3/2/2013 19:56:28] /m rotworm queen
[3/2/2013 19:56:29] /m rotworm queen
[3/2/2013 19:56:29] /m rotworm queen
[3/2/2013 19:56:46] /m rotworm queen
[3/2/2013 19:56:46] /m rotworm queen
[3/2/2013 19:56:46] /m rotworm queen
[3/2/2013 19:56:47] /m rotworm queen
[3/2/2013 19:56:47] /m rotworm queen
[3/2/2013 19:56:47] /m rotworm queen
[3/2/2013 19:56:47] /m rotworm queen
[3/2/2013 19:56:47] /m rotworm queen
[3/2/2013 19:56:48] /m rotworm queen
[3/2/2013 19:56:48] /m rotworm queen
[3/2/2013 19:56:48] /m rotworm queen
[3/2/2013 19:56:48] /m rotworm queen
[3/2/2013 19:56:48] /m rotworm queen
[3/2/2013 19:56:48] /m rotworm queen
[3/2/2013 19:56:49] /m rotworm queen
[3/2/2013 19:56:49] /m rotworm queen
[3/2/2013 19:56:49] /m rotworm queen
[3/2/2013 19:56:49] /m rotworm queen
[3/2/2013 19:56:50] /m rotworm queen
[3/2/2013 19:56:50] /m rotworm queen
[3/2/2013 19:56:50] /m rotworm queen
[3/2/2013 19:56:50] /m rotworm queen
[3/2/2013 19:56:51] /m rotworm queen
[3/2/2013 19:56:52] /m rotworm queen
[3/2/2013 19:56:52] /m rotworm queen
[3/2/2013 19:56:52] /m rotworm queen
[3/2/2013 19:56:52] /m rotworm queen
[3/2/2013 19:56:53] /m rotworm queen
[3/2/2013 19:56:53] /m rotworm queen
[3/2/2013 19:56:55] /m rotworm queen
[3/2/2013 19:56:56] /m rotworm queen
[3/2/2013 19:56:57] /m rotworm queen
[3/2/2013 19:56:57] /m rotworm queen
[3/2/2013 19:56:57] /m rotworm queen
[3/2/2013 19:56:58] /m rotworm queen
[3/2/2013 19:56:58] /m rotworm queen
[3/2/2013 19:56:58] /m rotworm queen
[3/2/2013 19:56:59] /m rotworm queen
[3/2/2013 19:56:59] /m rotworm queen
[3/2/2013 19:56:59] /m rotworm queen
[3/2/2013 19:56:59] /m rotworm queen
[3/2/2013 19:56:59] /m rotworm queen
[3/2/2013 19:56:59] /m rotworm queen
[3/2/2013 19:57:0] /m rotworm queen
[3/2/2013 19:57:0] /m rotworm queen
[3/2/2013 19:57:0] /m rotworm queen
[3/2/2013 19:57:0] /m rotworm queen
[3/2/2013 19:57:0] /m rotworm queen
[3/2/2013 19:57:1] /m rotworm queen
[3/2/2013 19:57:1] /m rotworm queen
[3/2/2013 19:57:1] /m rotworm queen
[3/2/2013 19:57:1] /m rotworm queen
[3/2/2013 19:57:1] /m rotworm queen
[3/2/2013 19:57:2] /m rotworm queen
[3/2/2013 19:57:2] /m rotworm queen
[3/2/2013 19:57:2] /m rotworm queen
[3/2/2013 19:57:2] /m rotworm queen
[3/2/2013 19:57:2] /m rotworm queen
[3/2/2013 19:57:2] /m rotworm queen
[3/2/2013 19:57:3] /m rotworm queen
[3/2/2013 19:57:3] /m rotworm queen
[3/2/2013 19:57:3] /m rotworm queen
[3/2/2013 19:57:3] /m rotworm queen
[3/2/2013 19:57:3] /m rotworm queen
[3/2/2013 19:57:4] /m rotworm queen
[3/2/2013 19:57:4] /m rotworm queen
[3/2/2013 19:57:4] /m rotworm queen
[3/2/2013 19:57:4] /m rotworm queen
[3/2/2013 19:57:4] /m rotworm queen
[3/2/2013 19:57:4] /m rotworm queen
[3/2/2013 19:57:5] /m rotworm queen
[3/2/2013 19:57:5] /m rotworm queen
[3/2/2013 19:57:5] /m rotworm queen
[3/2/2013 19:57:5] /m rotworm queen
[3/2/2013 19:57:5] /m rotworm queen
[3/2/2013 19:57:6] /m rotworm queen
[3/2/2013 19:57:6] /m rotworm queen
[3/2/2013 19:57:6] /m rotworm queen
[3/2/2013 19:57:6] /m rotworm queen
[3/2/2013 19:57:6] /m rotworm queen
[3/2/2013 19:57:6] /m rotworm queen
[3/2/2013 19:57:7] /m rotworm queen
[3/2/2013 19:57:7] /m rotworm queen
[3/2/2013 19:57:7] /m rotworm queen
[3/2/2013 19:57:7] /m rotworm queen
[3/2/2013 19:57:7] /m rotworm queen
[3/2/2013 19:57:8] /m rotworm queen
[3/2/2013 19:57:8] /m rotworm queen
[3/2/2013 19:57:8] /m rotworm queen
[3/2/2013 19:57:8] /m rotworm queen
[3/2/2013 19:57:8] /m rotworm queen
[3/2/2013 19:57:8] /m rotworm queen
[3/2/2013 19:57:8] /m rotworm queen
[3/2/2013 19:57:9] /m rotworm queen
[3/2/2013 19:57:9] /m rotworm queen
[3/2/2013 19:57:9] /m rotworm queen
[3/2/2013 19:57:9] /m rotworm queen
[3/2/2013 19:57:9] /m rotworm queen
[3/2/2013 19:57:10] /m rotworm queen
[3/2/2013 19:57:10] /m rotworm queen
[3/2/2013 19:57:10] /m rotworm queen
[3/2/2013 19:59:7] /up
[3/2/2013 19:59:8] /up
[3/2/2013 20:0:20] /i mastermind shield
[3/2/2013 20:9:4] /i 9693
[3/2/2013 20:11:36] /addshop 4, Write !addon [addon name] ingame to get any addon you like.
[3/2/2013 20:20:25] /goto tasker
[3/2/2013 20:20:26] /goto tasker
[3/2/2013 20:21:20] /goto eryn
[3/2/2013 20:21:21] /goto eryn
[3/2/2013 20:21:25] /goto Tasker
[3/2/2013 20:21:26] /goto Tasker
[3/2/2013 20:22:9] /t
[3/2/2013 21:18:52] /m goblin
[3/2/2013 21:19:9] /m hero
[3/2/2013 21:19:17] /m hero
[3/2/2013 21:19:20] /m hero
[3/2/2013 21:19:43] /m dragon
[3/2/2013 21:19:56] /m dragon lord
[3/2/2013 21:22:20] /reload creaturescript
[3/2/2013 21:22:26] /m dragon
[3/2/2013 21:23:13] /m dragon
[3/2/2013 21:23:13] /m dragon
[3/2/2013 21:23:14] /m dragon
[3/2/2013 21:23:14] /m dragon
[3/2/2013 21:23:14] /m dragon
[3/2/2013 21:23:14] /m dragon
[3/2/2013 21:23:15] /m dragon
[3/2/2013 21:23:15] /m dragon
[3/2/2013 21:23:15] /m dragon
[3/2/2013 21:23:16] /m dragon
[3/2/2013 21:23:16] /m dragon
[3/2/2013 21:23:16] /m dragon
[3/2/2013 21:23:16] /m dragon
[3/2/2013 21:23:16] /m dragon
[3/2/2013 21:23:17] /m dragon
[3/2/2013 21:23:17] /m dragon
[3/2/2013 21:23:17] /m dragon
[3/2/2013 21:23:17] /m dragon
[3/2/2013 21:23:18] /m dragon
[3/2/2013 21:23:18] /m dragon
[3/2/2013 21:23:24] /m dragon
[3/2/2013 21:23:24] /m dragon
[3/2/2013 21:23:25] /m dragon
[3/2/2013 21:23:26] /m dragon
[3/2/2013 21:23:28] /m dragon
[3/2/2013 21:23:28] /m dragon
[3/2/2013 21:23:33] /i 7673
[3/2/2013 21:23:37] /m dragon
[3/2/2013 21:23:38] /m dragon
[3/2/2013 21:23:43] /i 7673
[3/2/2013 21:23:43] /m dragon
[3/2/2013 21:23:44] /m dragon
[3/2/2013 21:23:44] /m dragon
[3/2/2013 21:23:45] /m dragon
[3/2/2013 21:23:45] /m dragon
[3/2/2013 21:23:46] /m dragon
[3/2/2013 21:23:46] /m dragon
[3/2/2013 21:23:47] /m dragon
[3/2/2013 21:23:49] /m dragon
[3/2/2013 21:23:54] /m dragon
[3/2/2013 21:23:55] /m dragon
[3/2/2013 21:23:56] /m dragon
[3/2/2013 21:23:56] /m dragon
[3/2/2013 21:23:57] /m dragon
[3/2/2013 21:23:57] /m dragon
[3/2/2013 21:23:58] /m dragon
[3/2/2013 21:23:58] /m dragon
[3/2/2013 21:23:59] /m dragon
[3/2/2013 21:23:59] /m dragon
[3/2/2013 21:24:0] /m dragon
[3/2/2013 21:24:0] /m dragon
[3/2/2013 21:24:1] /m dragon
[3/2/2013 21:24:1] /m dragon
[3/2/2013 21:24:2] /m dragon
[3/2/2013 21:24:2] /m dragon
[3/2/2013 21:24:3] /m dragon
[3/2/2013 21:24:3] /m dragon
[3/2/2013 21:24:4] /m dragon
[3/2/2013 21:24:4] /m dragon
[3/2/2013 21:24:7] /m dragon
[3/2/2013 21:24:9] /m dragon
[3/2/2013 21:24:10] /m dragon
[3/2/2013 21:24:11] /m dragon
[3/2/2013 21:24:11] /m dragon
[3/2/2013 21:24:13] /m dragon
[3/2/2013 21:24:15] /m dragon
[3/2/2013 21:24:16] /m dragon
[3/2/2013 21:24:16] /m dragon
[3/2/2013 21:24:17] /m dragon
[3/2/2013 21:24:17] /m dragon
[3/2/2013 21:24:18] /m dragon
[3/2/2013 21:24:19] /m dragon
[3/2/2013 21:24:20] /m dragon
[3/2/2013 21:24:21] /m dragon
[3/2/2013 21:24:21] /m dragon
[3/2/2013 21:24:22] /m dragon
[3/2/2013 21:24:22] /m dragon
[3/2/2013 21:24:23] /m dragon
[3/2/2013 21:24:25] /m dragon
[3/2/2013 21:24:28] /m dragon
[3/2/2013 21:24:28] /m dragon
[3/2/2013 21:24:29] /m dragon
[3/2/2013 21:24:29] /m dragon
[3/2/2013 21:24:30] /m dragon
[3/2/2013 21:24:30] /m dragon
[3/2/2013 21:24:31] /m dragon
[3/2/2013 21:24:32] /m dragon
[3/2/2013 21:24:32] /m dragon
[3/2/2013 21:24:33] /m dragon
[3/2/2013 21:24:33] /m dragon
[3/2/2013 21:24:34] /m dragon
[3/2/2013 21:24:34] /m dragon
[3/2/2013 21:24:35] /m dragon
[3/2/2013 21:24:39] /m dragon
[3/2/2013 21:24:39] /m dragon
[3/2/2013 21:24:40] /m dragon
[3/2/2013 21:24:41] /m dragon
[3/2/2013 21:24:41] /m dragon
[3/2/2013 21:24:42] /m dragon
[3/2/2013 21:24:43] /m dragon
[3/2/2013 21:24:44] /m dragon
[3/2/2013 21:24:45] /m dragon
[3/2/2013 21:24:45] /m dragon
[3/2/2013 21:24:46] /m dragon
[3/2/2013 21:24:47] /m dragon
[3/2/2013 21:24:47] /m dragon
[3/2/2013 21:24:47] /m dragon
[3/2/2013 21:24:48] /m dragon
[3/2/2013 21:24:49] /m dragon
[3/2/2013 21:24:49] /m dragon
[3/2/2013 21:24:50] /m dragon
[3/2/2013 21:24:53] /m dragon
[3/2/2013 21:24:53] /m dragon
[3/2/2013 21:24:54] /m dragon
[3/2/2013 21:24:55] /m dragon
[3/2/2013 21:24:55] /m dragon
[3/2/2013 21:24:56] /m dragon
[3/2/2013 21:24:56] /m dragon
[3/2/2013 21:24:57] /m dragon
[3/2/2013 21:24:57] /m dragon
[3/2/2013 21:24:58] /m dragon
[3/2/2013 21:24:58] /m dragon
[3/2/2013 21:24:58] /m dragon
[3/2/2013 21:24:59] /m dragon
[3/2/2013 21:24:59] /m dragon
[3/2/2013 21:25:0] /m dragon
[3/2/2013 21:25:1] /i 7673
[3/2/2013 21:25:5] /m dragon
[3/2/2013 21:25:8] /m dragon
[3/2/2013 21:25:8] /m dragon
[3/2/2013 21:25:8] /m dragon
[3/2/2013 21:25:8] /m dragon
[3/2/2013 21:25:9] /m dragon
[3/2/2013 21:25:9] /m dragon
[3/2/2013 21:26:3] /m dragon
[3/2/2013 21:26:3] /m dragon
[3/2/2013 21:26:3] /m dragon
[3/2/2013 21:26:4] /m dragon
[3/2/2013 21:26:4] /m dragon
[3/2/2013 21:26:4] /m dragon
[3/2/2013 21:26:4] /m dragon
[3/2/2013 21:26:4] /m dragon
[3/2/2013 21:26:5] /m dragon
[3/2/2013 21:26:5] /m dragon
[3/2/2013 21:26:8] /m dragon
[3/2/2013 21:26:8] /m dragon
[3/2/2013 21:26:8] /m dragon
[3/2/2013 21:26:9] /m dragon
[3/2/2013 21:26:9] /m dragon
[3/2/2013 21:26:10] /m dragon
[3/2/2013 21:26:10] /m dragon
[3/2/2013 21:26:11] /m dragon
[3/2/2013 21:26:11] /m dragon
[3/2/2013 21:26:11] /m dragon
[3/2/2013 21:26:12] /m dragon
[3/2/2013 21:26:12] /m dragon
[3/2/2013 21:26:12] /m dragon
[3/2/2013 21:26:13] /m dragon
[3/2/2013 21:26:13] /m dragon
[3/2/2013 21:26:14] /m dragon
[3/2/2013 21:26:14] /m dragon
[3/2/2013 21:26:14] /m dragon
[3/2/2013 21:26:14] /m dragon
[3/2/2013 21:26:14] /m dragon
[3/2/2013 21:26:15] /m dragon
[3/2/2013 21:26:15] /m dragon
[3/2/2013 21:26:15] /m dragon
[3/2/2013 21:26:15] /m dragon
[3/2/2013 21:26:16] /m dragon
[3/2/2013 21:26:16] /m dragon
[3/2/2013 21:26:16] /m dragon
[3/2/2013 21:26:16] /m dragon
[3/2/2013 21:26:16] /m dragon
[3/2/2013 21:26:17] /m dragon
[3/2/2013 21:26:17] /m dragon
[3/2/2013 21:26:17] /m dragon
[3/2/2013 21:26:17] /m dragon
[3/2/2013 21:26:17] /m dragon
[3/2/2013 21:26:17] /m dragon
[3/2/2013 21:26:18] /m dragon
[3/2/2013 21:26:18] /m dragon
[3/2/2013 21:26:18] /m dragon
[3/2/2013 21:26:19] /m dragon
[3/2/2013 21:26:19] /m dragon
[3/2/2013 21:26:19] /m dragon
[3/2/2013 21:26:19] /m dragon
[3/2/2013 21:26:20] /m dragon
[3/2/2013 21:26:20] /m dragon
[3/2/2013 21:26:20] /m dragon
[3/2/2013 21:26:20] /m dragon
[3/2/2013 21:26:20] /m dragon
[3/2/2013 21:26:21] /m dragon
[3/2/2013 21:26:21] /m dragon
[3/2/2013 21:26:21] /m dragon
[3/2/2013 21:26:22] /m dragon
[3/2/2013 21:26:23] /m dragon
[3/2/2013 21:26:23] /m dragon
[3/2/2013 21:26:23] /m dragon
[3/2/2013 21:26:23] /m dragon
[3/2/2013 21:26:23] /m dragon
[3/2/2013 21:26:24] /m dragon
[3/2/2013 21:26:25] /m dragon
[3/2/2013 21:26:25] /m dragon
[3/2/2013 21:26:26] /m dragon
[3/2/2013 21:26:26] /m dragon
[3/2/2013 21:26:26] /m dragon
[3/2/2013 21:26:27] /m dragon
[3/2/2013 21:26:27] /m dragon
[3/2/2013 21:26:27] /m dragon
[3/2/2013 21:26:27] /m dragon
[3/2/2013 21:26:27] /m dragon
[3/2/2013 21:26:27] /m dragon
[3/2/2013 21:26:27] /m dragon
[3/2/2013 21:26:28] /m dragon
[3/2/2013 21:26:28] /m dragon
[3/2/2013 21:26:28] /m dragon
[3/2/2013 21:26:28] /m dragon
[3/2/2013 21:26:29] /m dragon
[3/2/2013 21:26:29] /m dragon
[3/2/2013 21:26:29] /m dragon
[3/2/2013 21:26:29] /m dragon
[3/2/2013 21:26:29] /m dragon
[3/2/2013 21:26:29] /m dragon
[3/2/2013 21:26:30] /m dragon
[3/2/2013 21:26:30] /m dragon
[3/2/2013 21:26:30] /m dragon
[3/2/2013 21:26:30] /m dragon
[3/2/2013 21:26:30] /m dragon
[3/2/2013 21:26:30] /m dragon
[3/2/2013 21:26:30] /m dragon
[3/2/2013 21:26:31] /m dragon
[3/2/2013 21:26:31] /m dragon
[3/2/2013 21:26:31] /m dragon
[3/2/2013 21:26:31] /m dragon
[3/2/2013 21:26:31] /m dragon
[3/2/2013 21:26:32] /m dragon
[3/2/2013 21:26:32] /m dragon
[3/2/2013 21:26:32] /m dragon
[3/2/2013 21:26:32] /m dragon
[3/2/2013 21:26:32] /m dragon
[3/2/2013 21:26:32] /m dragon
[3/2/2013 21:26:34] /m dragon
[3/2/2013 21:26:35] /m dragon
[3/2/2013 21:26:35] /m dragon
[3/2/2013 21:26:35] /m dragon
[3/2/2013 21:26:36] /m dragon
[3/2/2013 21:26:36] /m dragon
[3/2/2013 21:26:36] /m dragon
[3/2/2013 21:26:37] /m dragon
[3/2/2013 21:26:37] /m dragon
[3/2/2013 21:26:38] /m dragon
[3/2/2013 21:26:38] /m dragon
[3/2/2013 21:26:38] /m dragon
[3/2/2013 21:26:38] /m dragon
[3/2/2013 21:26:38] /m dragon
[3/2/2013 21:26:39] /m dragon
[3/2/2013 21:26:39] /m dragon
[3/2/2013 21:26:39] /m dragon
[3/2/2013 21:26:39] /m dragon
[3/2/2013 21:26:40] /m dragon
[3/2/2013 21:26:40] /m dragon
[3/2/2013 21:26:40] /m dragon
[3/2/2013 21:26:40] /m dragon
[3/2/2013 21:32:14] /reload talkactions
[3/2/2013 21:32:44] /m dragon
[3/2/2013 21:32:45] /m dragon
[3/2/2013 21:32:45] /m dragon
[3/2/2013 21:32:45] /m dragon
[3/2/2013 21:32:46] /m dragon
[3/2/2013 21:32:46] /m dragon
[3/2/2013 21:32:46] /m dragon
[3/2/2013 21:32:46] /m dragon
[3/2/2013 21:32:46] /m dragon
[3/2/2013 21:32:46] /m dragon
[3/2/2013 21:32:46] /m dragon
[3/2/2013 21:32:47] /m dragon
[3/2/2013 21:32:47] /m dragon
[3/2/2013 21:32:47] /m dragon
[3/2/2013 21:32:47] /m dragon
[3/2/2013 21:32:47] /m dragon
[3/2/2013 21:32:47] /m dragon
[3/2/2013 21:32:48] /m dragon
[3/2/2013 21:32:48] /m dragon
[3/2/2013 21:32:48] /m dragon
[3/2/2013 21:32:48] /m dragon
[3/2/2013 21:32:48] /m dragon
[3/2/2013 21:32:48] /m dragon
[3/2/2013 21:32:49] /m dragon
[3/2/2013 21:32:49] /m dragon
[3/2/2013 21:32:49] /m dragon
[3/2/2013 21:32:49] /m dragon
[3/2/2013 21:32:49] /m dragon
[3/2/2013 21:32:49] /m dragon
[3/2/2013 21:32:50] /m dragon
[3/2/2013 21:32:50] /m dragon
[3/2/2013 21:32:50] /m dragon
[3/2/2013 21:32:50] /m dragon
[3/2/2013 21:32:50] /m dragon
[3/2/2013 21:32:50] /m dragon
[3/2/2013 21:32:50] /m dragon
[3/2/2013 21:32:51] /m dragon
[3/2/2013 21:32:51] /m dragon
[3/2/2013 21:32:51] /m dragon
[3/2/2013 21:32:51] /m dragon
[3/2/2013 21:32:51] /m dragon
[3/2/2013 21:32:51] /m dragon
[3/2/2013 21:32:52] /m dragon
[3/2/2013 21:32:52] /m dragon
[3/2/2013 21:32:52] /m dragon
[3/2/2013 21:32:52] /m dragon
[3/2/2013 21:32:52] /m dragon
[3/2/2013 21:32:52] /m dragon
[3/2/2013 21:32:53] /m dragon
[3/2/2013 21:32:53] /m dragon
[3/2/2013 21:32:53] /m dragon
[3/2/2013 21:32:53] /m dragon
[3/2/2013 21:32:53] /m dragon
[3/2/2013 21:32:53] /m dragon
[3/2/2013 21:32:54] /m dragon
[3/2/2013 21:32:54] /m dragon
[3/2/2013 21:32:54] /m dragon
[3/2/2013 21:32:54] /m dragon
[3/2/2013 21:32:55] /m dragon
[3/2/2013 21:32:55] /m dragon
[3/2/2013 21:32:55] /m dragon
[3/2/2013 21:32:55] /m dragon
[3/2/2013 21:32:56] /m dragon
[3/2/2013 21:32:56] /m dragon
[3/2/2013 21:32:56] /m dragon
[3/2/2013 21:32:56] /m dragon
[3/2/2013 21:32:56] /m dragon
[3/2/2013 21:32:56] /m dragon
[3/2/2013 21:32:57] /m dragon
[3/2/2013 21:32:57] /m dragon
[3/2/2013 21:32:57] /m dragon
[3/2/2013 21:32:57] /m dragon
[3/2/2013 21:32:57] /m dragon
[3/2/2013 21:32:58] /m dragon
[3/2/2013 21:32:58] /m dragon
[3/2/2013 21:32:58] /m dragon
[3/2/2013 21:32:58] /m dragon
[3/2/2013 21:32:58] /m dragon
[3/2/2013 21:32:58] /m dragon
[3/2/2013 21:32:59] /m dragon
[3/2/2013 21:32:59] /m dragon
[3/2/2013 21:32:59] /m dragon
[3/2/2013 21:32:59] /m dragon
[3/2/2013 21:33:0] /m dragon
[3/2/2013 21:33:0] /m dragon
[3/2/2013 21:33:0] /m dragon
[3/2/2013 21:33:0] /m dragon
[3/2/2013 21:33:0] /m dragon
[3/2/2013 21:33:0] /m dragon
[3/2/2013 21:33:0] /m dragon
[3/2/2013 21:33:1] /m dragon
[3/2/2013 21:33:1] /m dragon
[3/2/2013 21:33:1] /m dragon
[3/2/2013 21:33:1] /m dragon
[3/2/2013 21:33:1] /m dragon
[3/2/2013 21:33:1] /m dragon
[3/2/2013 21:33:2] /m dragon
[3/2/2013 21:33:2] /m dragon
[3/2/2013 21:33:2] /m dragon
[3/2/2013 21:33:2] /m dragon
[3/2/2013 21:33:2] /m dragon
[3/2/2013 21:33:2] /m dragon
[3/2/2013 21:33:2] /m dragon
[3/2/2013 21:33:3] /m dragon
[3/2/2013 21:33:3] /m dragon
[3/2/2013 21:33:3] /m dragon
[3/2/2013 21:33:3] /m dragon
[3/2/2013 21:33:3] /m dragon
[3/2/2013 21:33:3] /m dragon
[3/2/2013 21:33:3] /m dragon
[3/2/2013 21:33:4] /m dragon
[3/2/2013 21:33:4] /m dragon
[3/2/2013 21:33:4] /m dragon
[3/2/2013 21:33:4] /m dragon
[3/2/2013 21:33:4] /m dragon
[3/2/2013 21:33:4] /m dragon
[3/2/2013 21:33:5] /m dragon
[3/2/2013 21:33:5] /m dragon
[3/2/2013 21:33:5] /m dragon
[3/2/2013 21:33:5] /m dragon
[3/2/2013 21:33:5] /m dragon
[3/2/2013 21:33:5] /m dragon
[3/2/2013 21:33:6] /m dragon
[3/2/2013 21:33:6] /m dragon
[3/2/2013 21:33:6] /m dragon
[3/2/2013 21:33:7] /m dragon
[3/2/2013 21:33:7] /m dragon
[3/2/2013 21:33:8] /m dragon
[3/2/2013 21:33:8] /m dragon
[3/2/2013 21:33:8] /m dragon
[3/2/2013 21:33:8] /m dragon
[3/2/2013 21:33:10] /m dragon
[3/2/2013 21:33:14] /m dragon
[3/2/2013 21:33:14] /m dragon
[3/2/2013 21:33:14] /m dragon
[3/2/2013 21:33:14] /m dragon
[3/2/2013 21:33:15] /m dragon
[3/2/2013 21:33:15] /m dragon
[3/2/2013 21:33:15] /m dragon
[3/2/2013 21:33:15] /m dragon
[3/2/2013 21:33:15] /m dragon
[3/2/2013 21:33:16] /m dragon
[3/2/2013 21:33:16] /m dragon
[3/2/2013 21:33:17] /m dragon
[3/2/2013 21:33:17] /m dragon
[3/2/2013 21:33:17] /m dragon
[3/2/2013 21:33:17] /m dragon
[3/2/2013 21:33:33] /i 7673
[3/2/2013 21:33:34] /m dragon
[3/2/2013 21:33:34] /m dragon
[3/2/2013 21:33:34] /m dragon
[3/2/2013 21:33:35] /m dragon
[3/2/2013 21:33:35] /m dragon
[3/2/2013 21:33:35] /m dragon
[3/2/2013 21:33:35] /m dragon
[3/2/2013 21:33:35] /m dragon
[3/2/2013 21:33:36] /m dragon
[3/2/2013 21:33:36] /m dragon
[3/2/2013 21:33:36] /m dragon
[3/2/2013 21:33:36] /m dragon
[3/2/2013 21:33:36] /m dragon
[3/2/2013 21:33:36] /m dragon
[3/2/2013 21:33:37] /m dragon
[3/2/2013 21:33:37] /m dragon
[3/2/2013 21:33:37] /m dragon
[3/2/2013 21:33:37] /m dragon
[3/2/2013 21:33:37] /m dragon
[3/2/2013 21:33:38] /m dragon
[3/2/2013 21:33:38] /m dragon
[3/2/2013 21:33:38] /m dragon
[3/2/2013 21:33:38] /m dragon
[3/2/2013 21:33:38] /m dragon
[3/2/2013 21:33:38] /m dragon
[3/2/2013 21:33:39] /m dragon
[3/2/2013 21:33:39] /m dragon
[3/2/2013 21:33:39] /m dragon
[3/2/2013 21:33:39] /m dragon
[3/2/2013 21:33:39] /m dragon
[3/2/2013 21:33:39] /m dragon
[3/2/2013 21:33:40] /m dragon
[3/2/2013 21:33:40] /m dragon
[3/2/2013 21:33:40] /m dragon
[3/2/2013 21:33:40] /m dragon
[3/2/2013 21:33:40] /m dragon
[3/2/2013 21:33:41] /m dragon
[3/2/2013 21:33:41] /m dragon
[3/2/2013 21:33:41] /m dragon
[3/2/2013 21:33:41] /m dragon
[3/2/2013 21:33:41] /m dragon
[3/2/2013 21:33:41] /m dragon
[3/2/2013 21:33:42] /m dragon
[3/2/2013 21:33:42] /m dragon
[3/2/2013 21:33:42] /m dragon
[3/2/2013 21:33:42] /m dragon
[3/2/2013 21:33:42] /m dragon
[3/2/2013 21:33:43] /m dragon
[3/2/2013 21:33:43] /m dragon
[3/2/2013 21:33:43] /m dragon
[3/2/2013 21:33:43] /m dragon
[3/2/2013 21:33:43] /m dragon
[3/2/2013 21:33:44] /m dragon
[3/2/2013 21:33:44] /m dragon
[3/2/2013 21:33:44] /m dragon
[3/2/2013 21:33:45] /m dragon
[3/2/2013 21:33:45] /m dragon
[3/2/2013 21:33:45] /m dragon
[3/2/2013 21:33:45] /m dragon
[3/2/2013 21:33:45] /m dragon
[3/2/2013 21:33:46] /m dragon
[3/2/2013 21:33:46] /m dragon
[3/2/2013 21:33:46] /m dragon
[3/2/2013 21:33:46] /m dragon
[3/2/2013 21:33:46] /m dragon
[3/2/2013 21:33:47] /m dragon
[3/2/2013 21:33:47] /m dragon
[3/2/2013 21:33:47] /m dragon
[3/2/2013 21:33:47] /m dragon
[3/2/2013 21:33:47] /m dragon
[3/2/2013 21:33:48] /m dragon
[3/2/2013 21:33:48] /m dragon
[3/2/2013 21:33:48] /m dragon
[3/2/2013 21:33:48] /m dragon
[3/2/2013 21:33:48] /m dragon
[3/2/2013 21:33:49] /m dragon
[3/2/2013 21:33:49] /m dragon
[3/2/2013 21:33:49] /m dragon
[3/2/2013 21:33:49] /m dragon
[3/2/2013 21:33:49] /m dragon
[3/2/2013 21:33:50] /m dragon
[3/2/2013 21:33:50] /m dragon
[3/2/2013 21:33:50] /m dragon
[3/2/2013 21:33:51] /m dragon
[3/2/2013 21:33:51] /m dragon
[3/2/2013 21:33:51] /m dragon
[3/2/2013 21:33:51] /m dragon
[3/2/2013 21:33:52] /m dragon
[3/2/2013 21:33:53] /m dragon
[3/2/2013 21:33:53] /m dragon
[3/2/2013 21:33:53] /m dragon
[3/2/2013 21:33:53] /m dragon
[3/2/2013 21:33:54] /m dragon
[3/2/2013 21:34:5] /i 7673
[3/2/2013 21:34:5] /i 7673
[3/2/2013 21:34:5] /i 7673
[3/2/2013 21:34:12] /m dragon
[3/2/2013 21:34:13] /m dragon
[3/2/2013 21:34:13] /m dragon
[3/2/2013 21:34:13] /m dragon
[3/2/2013 21:34:14] /m dragon
[3/2/2013 21:34:14] /m dragon
[3/2/2013 21:34:14] /m dragon
[3/2/2013 21:34:14] /m dragon
[3/2/2013 21:34:14] /m dragon
[3/2/2013 21:34:14] /m dragon
[3/2/2013 21:34:15] /m dragon
[3/2/2013 21:34:15] /m dragon
[3/2/2013 21:34:15] /m dragon
[3/2/2013 21:34:16] /m dragon
[3/2/2013 21:34:16] /m dragon
[3/2/2013 21:34:16] /m dragon
[3/2/2013 21:34:16] /m dragon
[3/2/2013 21:34:17] /m dragon
[3/2/2013 21:34:17] /m dragon
[3/2/2013 21:34:17] /m dragon
[3/2/2013 21:34:17] /m dragon
[3/2/2013 21:34:17] /m dragon
[3/2/2013 21:34:18] /m dragon
[3/2/2013 21:34:18] /m dragon
[3/2/2013 21:34:19] /m dragon
[3/2/2013 21:34:19] /m dragon
[3/2/2013 21:34:19] /m dragon
[3/2/2013 21:34:19] /m dragon
[3/2/2013 21:34:19] /m dragon
[3/2/2013 21:34:20] /m dragon
[3/2/2013 21:34:20] /m dragon
[3/2/2013 21:34:20] /m dragon
[3/2/2013 21:34:20] /m dragon
[3/2/2013 21:34:20] /m dragon
[3/2/2013 21:34:20] /m dragon
[3/2/2013 21:34:21] /m dragon
[3/2/2013 21:34:21] /m dragon
[3/2/2013 21:34:21] /m dragon
[3/2/2013 21:34:21] /m dragon
[3/2/2013 21:34:21] /m dragon
[3/2/2013 21:34:21] /m dragon
[3/2/2013 21:34:22] /m dragon
[3/2/2013 21:34:22] /m dragon
[3/2/2013 21:34:22] /m dragon
[3/2/2013 21:34:22] /m dragon
[3/2/2013 21:34:22] /m dragon
[3/2/2013 21:34:23] /m dragon
[3/2/2013 21:34:23] /m dragon
[3/2/2013 21:34:23] /m dragon
[3/2/2013 21:34:23] /m dragon
[3/2/2013 21:34:23] /m dragon
[3/2/2013 21:34:23] /m dragon
[3/2/2013 21:34:24] /m dragon
[3/2/2013 21:34:24] /m dragon
[3/2/2013 21:34:24] /m dragon
[3/2/2013 21:34:24] /m dragon
[3/2/2013 21:34:25] /m dragon
[3/2/2013 21:34:25] /m dragon
[3/2/2013 21:34:25] /m dragon
[3/2/2013 21:34:25] /m dragon
[3/2/2013 21:34:25] /m dragon
[3/2/2013 21:34:26] /m dragon
[3/2/2013 21:34:26] /m dragon
[3/2/2013 21:34:26] /m dragon
[3/2/2013 21:34:26] /m dragon
[3/2/2013 21:34:29] /m dragon
[3/2/2013 21:37:26] /t
[3/2/2013 21:39:23] /i 7409
[3/2/2013 21:39:24] /i 7409
[3/2/2013 21:39:25] /i 7409
[3/2/2013 21:39:25] /i 7409
[3/2/2013 21:41:51] /addskill druid sample, lvl
[3/2/2013 21:42:39] /i dwarven shield
[3/2/2013 21:42:43] /i dwarven shield
[3/2/2013 21:42:44] /i dwarven shield
[3/2/2013 21:43:13] /i leather helmet
[3/2/2013 21:43:14] /i leather helmet
[3/2/2013 21:43:18] /i leather helmet
[3/2/2013 21:43:20] /i leather helmet
[3/2/2013 21:43:33] /i leather legs
[3/2/2013 21:43:37] /i leather legs
[3/2/2013 21:43:38] /i leather legs
[3/2/2013 21:43:38] /i leather legs
[3/2/2013 21:44:2] /i leather boots
[3/2/2013 21:44:3] /i leather boots
[3/2/2013 21:44:3] /i leather boots
[3/2/2013 21:44:7] /i leather boots
[3/2/2013 22:1:32] /closeserver
[4/2/2013 15:59:56] /ghost
[4/2/2013 16:15:20] /reload spells
[4/2/2013 16:19:31] /i 11753
[4/2/2013 16:19:41] /i 11753
[4/2/2013 16:19:42] /i 11753
[4/2/2013 16:19:44] /i 11753
[4/2/2013 16:19:44] /i 11753
[4/2/2013 16:19:45] /i 11753
[4/2/2013 16:19:56] /r
[4/2/2013 16:19:57] /r
[4/2/2013 16:19:58] /r
[4/2/2013 16:20:25] /r
[4/2/2013 16:21:7] /i 11753
[4/2/2013 16:21:8] /i 11753
[4/2/2013 16:21:8] /i 11753
[4/2/2013 16:21:11] /i 11753
[4/2/2013 16:21:12] /i 11753
[4/2/2013 16:21:13] /i 11753
[4/2/2013 16:21:14] /i 11753
[4/2/2013 16:21:14] /i 11753
[4/2/2013 16:21:15] /i 11753
[4/2/2013 16:23:34] /goto god blunt
[4/2/2013 17:10:0] /save
[4/2/2013 17:10:15] /reload movements
[4/2/2013 17:23:5] /ghost
[4/2/2013 17:23:12] /goto god blunt
[4/2/2013 17:27:8] /t
[4/2/2013 17:37:32] /ghost
[4/2/2013 17:38:1] /goto god blunt
[4/2/2013 17:38:56] /goto god blunt
[4/2/2013 17:39:1] /up
[4/2/2013 17:39:13] /down
[4/2/2013 17:39:31] /t
[4/2/2013 17:43:55] /save
[4/2/2013 17:44:7] /r
[4/2/2013 17:44:8] /r
[4/2/2013 17:44:33] /r
[4/2/2013 17:44:35] /r
[4/2/2013 17:44:43] /t
[4/2/2013 17:44:54] /r
[4/2/2013 17:44:55] /r
[4/2/2013 17:44:56] /r
[4/2/2013 17:44:56] /r
[4/2/2013 17:44:56] /r
[4/2/2013 17:45:14] /i 5617
[4/2/2013 17:45:15] /i 5617
[4/2/2013 17:45:21] /goto god blunt
[4/2/2013 17:45:44] /r
[4/2/2013 17:52:20] /t
[4/2/2013 17:59:24] /save
[4/2/2013 18:0:8] /ghost
[4/2/2013 18:1:25] /save
[4/2/2013 18:1:31] /reload monsters
[4/2/2013 18:2:47] /goto god blunt
[4/2/2013 18:9:52] /i 11753
[4/2/2013 18:9:53] /i 11753
[4/2/2013 18:9:54] /i 11753
[4/2/2013 18:10:0] /i 11753
[4/2/2013 18:10:0] /i 11753
[4/2/2013 18:16:59] /b If you encounter any bugg type /bug [description of bug] and we will fix it as soon as possible. Thank you!
[4/2/2013 18:17:13] /goto god blunt
[4/2/2013 18:19:36] /t
[4/2/2013 18:20:49] /t
[4/2/2013 18:20:52] /reload spells
[4/2/2013 19:0:40] /ghost
[4/2/2013 19:1:6] /goto Epicfailed
[4/2/2013 19:4:9] /goto Epicfailed
[4/2/2013 22:7:24] /i 20013
[4/2/2013 22:7:26] /i 20013
[4/2/2013 22:8:2] /i 20013
[4/2/2013 22:8:5] /i urine
[4/2/2013 22:8:53] /i 20035
[4/2/2013 22:17:35] /i 7489
[4/2/2013 22:18:1] /i 7494
[4/2/2013 22:25:37] /save
[4/2/2013 22:25:41] /reload actions
[4/2/2013 22:26:5] /i 7494
[4/2/2013 22:26:7] /i 7494
[4/2/2013 22:26:31] /i 7494
[4/2/2013 22:26:36] /ghost
[4/2/2013 22:26:37] /t
[4/2/2013 22:39:35] /goto epicfail
[4/2/2013 22:39:41] /goto epicfailed
[4/2/2013 23:30:0] /b Updates and fixes are coming, be patient!
[4/2/2013 23:35:19] /b Fast restart in 2 min. Be ready!
[4/2/2013 23:38:16] /b Fast Restart now. We will be up again in a few seconds
[4/2/2013 23:38:20] /save
[4/2/2013 23:38:41] /save
[4/2/2013 23:39:16] /i noob potion
[4/2/2013 23:45:21] /goto god blunt
[4/2/2013 23:49:34] /t
[4/2/2013 23:49:37] /goto god blunt
[4/2/2013 23:56:33] /r
[4/2/2013 23:56:33] /r
[4/2/2013 23:56:34] /r
[4/2/2013 23:56:34] /r
[4/2/2013 23:56:35] /r
[4/2/2013 23:56:35] /r
[4/2/2013 23:56:36] /r
[4/2/2013 23:56:36] /r
[4/2/2013 23:56:36] /r
[4/2/2013 23:56:37] /r
[4/2/2013 23:56:37] /r
[4/2/2013 23:56:37] /r
[4/2/2013 23:56:38] /r
[4/2/2013 23:56:39] /r
[4/2/2013 23:57:6] /r
[4/2/2013 23:57:6] /r
[4/2/2013 23:57:7] /r
[4/2/2013 23:57:7] /r
[4/2/2013 23:58:43] /r
[4/2/2013 23:58:46] /r
[4/2/2013 23:58:47] /r
[4/2/2013 23:58:49] /r
[4/2/2013 23:58:50] /r
[4/2/2013 23:58:51] /r
[5/2/2013 0:3:7] /m dragon
[5/2/2013 0:3:8] /m dragon
[5/2/2013 0:3:8] /m dragon
[5/2/2013 0:3:8] /m dragon
[5/2/2013 0:3:8] /m dragon
[5/2/2013 0:3:9] /m dragon
[5/2/2013 0:3:9] /m dragon
[5/2/2013 0:3:9] /m dragon
[5/2/2013 0:3:10] /m dragon
[5/2/2013 0:3:10] /m dragon
[5/2/2013 0:3:10] /m dragon
[5/2/2013 0:3:10] /m dragon
[5/2/2013 0:3:10] /m dragon
[5/2/2013 0:3:10] /m dragon
[5/2/2013 0:3:11] /m dragon
[5/2/2013 0:3:11] /m dragon
[5/2/2013 0:3:11] /m dragon
[5/2/2013 0:3:11] /m dragon
[5/2/2013 0:4:50] /m Magicians
[5/2/2013 0:4:52] /m Magician
[5/2/2013 0:4:55] /m Magician
[5/2/2013 0:4:58] /m Magician
[5/2/2013 0:6:15] /m dark magician
[5/2/2013 0:26:43] /goto god blunt
[5/2/2013 0:32:11] /goto god blunt
[8/2/2013 15:53:21] /t
[10/2/2013 12:41:47] /goto Mage
[10/2/2013 12:42:0] /goto Blaze
[10/2/2013 12:42:48] /goto Lowix
[10/2/2013 12:49:58] /goto Lowix
[10/2/2013 12:50:21] /t
[11/2/2013 18:51:54] /ghost
[11/2/2013 18:52:12] /t
