[11/2/2013 19:15:41] /b zombie event is about start, go to zombie event if you want to join.
[11/2/2013 19:16:24] /zombiestart 3
[11/2/2013 19:17:50] /zombiestart 3
[11/2/2013 19:19:13] /zombiestart 3
[11/2/2013 19:20:42] /zombiestart 2
[11/2/2013 20:32:44] /t
[11/2/2013 20:36:57] /up
[11/2/2013 20:38:10] /i Voodoo Doll (King)
[11/2/2013 20:38:39] /i Fan Doll of King Tibianus
[11/2/2013 20:39:46] /i 7844
[11/2/2013 20:40:3] /ghost
[11/2/2013 20:40:43] /reload actions
[11/2/2013 20:40:58] /i Fan Doll of King Tibianus
[11/2/2013 20:41:10] /i Fan Doll of King Tibianus
[11/2/2013 20:42:2] /c swaggot
[11/2/2013 20:42:49] /i Fan Doll of King Tibianus
[11/2/2013 20:47:57] /i Norseman Doll
[11/2/2013 20:48:32] /reload actions
[11/2/2013 20:48:38] /i Norseman Doll
[11/2/2013 20:48:55] /addshop 12
[11/2/2013 21:25:32] /ghost
[11/2/2013 21:25:50] /i [D]Legs of Ultimate Protection
[11/2/2013 21:41:13] /ghost
[11/2/2013 22:44:14] /i 12645
[11/2/2013 22:44:26] /goto Endorfina
[11/2/2013 22:48:53] /r
[11/2/2013 22:49:5] /r
[11/2/2013 22:49:22] /ghost
[11/2/2013 22:50:14] /i addon doll
[11/2/2013 22:52:18] /i addon doll
[11/2/2013 22:55:53] /goto endorfina
[11/2/2013 22:56:24] /goto endorfina
[11/2/2013 22:56:48] /goto endorfina
[11/2/2013 22:59:12] /goto Stunna
[11/2/2013 23:5:28] /goto endorfina
[11/2/2013 23:5:35] /a 4
[11/2/2013 23:8:10] /m ghazbaran
[11/2/2013 23:23:34] /goto endorfina
[11/2/2013 23:23:38] /t
[11/2/2013 23:23:40] /goto endorfina
[11/2/2013 23:23:48] /r
[11/2/2013 23:24:19] /t
[12/2/2013 9:5:51] /goto Joe Dirt
[12/2/2013 9:6:14] /goto Blaze
[12/2/2013 9:6:31] /goto Prototype
[12/2/2013 9:13:21] /b Fast restart in 1 min 
[12/2/2013 9:14:22] /save
[12/2/2013 9:16:57] /i 8982
[12/2/2013 16:12:29] /i 2294
[12/2/2013 16:15:9] /i 2272
[12/2/2013 16:17:16] /i 2275
[12/2/2013 16:20:20] /down
[13/2/2013 8:54:46] /reload actions
[13/2/2013 8:57:42] /b Fast restart in 3 min 
[13/2/2013 9:0:51] /save
[13/2/2013 9:5:8] /i addon doll
[13/2/2013 9:29:20] /t
[13/2/2013 9:29:57] /r
[13/2/2013 9:30:3] /r
[13/2/2013 9:30:5] /r
[13/2/2013 9:35:18] /reload actions
[13/2/2013 9:35:32] /save
[13/2/2013 9:35:37] /reload items
[14/2/2013 10:47:33] /goto Brutus Bloodbeard
[14/2/2013 10:47:38] /m Brutus Bloodbeard
[14/2/2013 10:52:0] /goto  Lethal Lissy
[14/2/2013 10:52:2] /goto  Lethal Lissy
[14/2/2013 10:52:2] /goto  Lethal Lissy
[14/2/2013 10:52:4] /goto Lethal Lissy
[14/2/2013 10:52:8] /goto Lethal Lissy
[14/2/2013 10:52:17] /m Lethal Lissy
[14/2/2013 10:52:34] /m Lethal Lissy
[14/2/2013 10:52:36] /m Brutus Bloodbeard
[14/2/2013 10:54:25] /i Ron the Ripper
[14/2/2013 10:54:28] /m Ron the Ripper
[14/2/2013 10:55:50] /down
[14/2/2013 10:55:52] /down
[14/2/2013 10:55:53] /down
[14/2/2013 10:57:37] /i Ron the Ripper
[14/2/2013 10:57:39] /m Ron the Ripper
[14/2/2013 10:57:41] /m Lethal Lissy
[14/2/2013 11:3:16] /t
[14/2/2013 11:6:1] /r
[14/2/2013 11:6:2] /r
[14/2/2013 11:29:44] /ghost
[14/2/2013 11:29:50] /goto pity the fool
[14/2/2013 11:30:12] /ghost
[14/2/2013 11:30:14] /t
[14/2/2013 12:11:43] /goto pity the fool
[14/2/2013 12:12:4] /t
[14/2/2013 22:1:13] /goto mage
[14/2/2013 22:3:41] /goto mage
[15/2/2013 7:39:54] /ghost
[15/2/2013 7:40:2] /goto prototype
[15/2/2013 7:41:48] /goto blaze
[15/2/2013 7:41:54] /t
[15/2/2013 7:46:57] /save
[15/2/2013 7:51:4] /i 3608
[15/2/2013 15:17:4] /save
[15/2/2013 15:17:13] /reload globalevents
[15/2/2013 15:19:28] /ghost
[15/2/2013 15:24:21] /reload globalevents
[15/2/2013 15:24:58] /reload globalevents
[15/2/2013 15:31:31] /reload globalevents
[15/2/2013 15:35:31] /reload globalevents
[15/2/2013 15:36:32] /reload globalevents
[15/2/2013 15:58:9] /m Fear
[15/2/2013 15:58:20] /r
[15/2/2013 16:14:5] /i 5878
[15/2/2013 16:15:28] /i 5890
[15/2/2013 16:15:59] /i 5902
[15/2/2013 16:17:13] /i 2480
[15/2/2013 16:18:8] /i 2480
[15/2/2013 16:18:20] /i 5947
[15/2/2013 16:19:53] /i 5876
[15/2/2013 16:20:10] /i 5948
[15/2/2013 16:20:24] /i 5891
[15/2/2013 16:21:0] /i 5887
[15/2/2013 16:25:19] /i 5887
[15/2/2013 16:25:48] /i 5889
[15/2/2013 16:26:54] /i 5888
[15/2/2013 16:27:37] /i 5875
[15/2/2013 16:28:34] /i 5880
[15/2/2013 16:28:50] /i 5892
[15/2/2013 16:29:17] /i 5893
[15/2/2013 16:29:56] /i damaged steel helmet
[15/2/2013 16:30:43] /i 5887
[15/2/2013 16:31:3] /i royal steel
[15/2/2013 16:31:21] /i 2182
[15/2/2013 16:31:34] /i 2186
[15/2/2013 16:31:47] /i 8911
[15/2/2013 16:32:5] /i 2181
[15/2/2013 16:32:47] /i 2392
[15/2/2013 16:32:59] /i 2193
[15/2/2013 16:33:45] /i 2392
[15/2/2013 16:34:5] /i 5809
[15/2/2013 16:34:35] /i 5903
[15/2/2013 16:35:13] /i 5878
[15/2/2013 16:35:37] /i 5894
[15/2/2013 16:35:54] /i 5911
[15/2/2013 16:36:2] /i 5883
[15/2/2013 16:36:26] /i 5922
[15/2/2013 16:36:47] /i 5879
[15/2/2013 16:37:0] /i 5881
[15/2/2013 16:37:13] /i 5882
[15/2/2013 16:37:26] /i 2392
[15/2/2013 16:37:35] /i 5905
[15/2/2013 16:37:59] /i 5884
[15/2/2013 16:39:14] /i 5885
[15/2/2013 16:39:29] /i 5910
[15/2/2013 16:39:42] /i 5911
[15/2/2013 16:40:4] /i 5880
[15/2/2013 16:40:18] /i 5892
[15/2/2013 16:41:36] /i 5893
[15/2/2013 16:41:52] /i 5876
[15/2/2013 16:42:5] /i 5896
[15/2/2013 16:42:25] /i 5897
[15/2/2013 16:42:50] /i 5906
[15/2/2013 16:43:2] /i 5939
[15/2/2013 16:43:57] /i 5940
[15/2/2013 16:44:28] /i 5883
[15/2/2013 16:44:48] /i 5891
[15/2/2013 16:45:4] /i 5891
[15/2/2013 16:45:31] /i 5891
[15/2/2013 16:45:55] /i 5912
[15/2/2013 16:47:12] /i 5925
[15/2/2013 16:47:41] /i 5919
[15/2/2013 16:48:27] /i 5880
[15/2/2013 16:48:57] /i 2536
[15/2/2013 16:49:16] /i 5922
[15/2/2013 16:49:54] /i 5886
[15/2/2013 16:50:18] /i 5804
[15/2/2013 16:50:57] /i 5804
[15/2/2013 16:52:14] /i 5930
[15/2/2013 16:52:34] /i 5878
[15/2/2013 16:52:57] /i 5894
[15/2/2013 16:53:7] /i 5913
[15/2/2013 16:53:14] /i 5921
[15/2/2013 16:53:56] /i 5913
[15/2/2013 16:54:12] /i 5883
[15/2/2013 16:54:31] /i 2160
[15/2/2013 16:55:12] /i 6101
[15/2/2013 16:55:25] /i 6102
[15/2/2013 16:55:37] /i 6100
[15/2/2013 16:55:50] /i 6099
[15/2/2013 16:56:14] /m deadeye
[15/2/2013 16:56:15] /m deadeye
[15/2/2013 16:56:56] /goto Deadeye Devious
[15/2/2013 16:57:40] /i 5810
[15/2/2013 16:58:39] /goto Novice of the Cult
[15/2/2013 17:0:30] /i 3955
[15/2/2013 17:1:14] /i 5015
[15/2/2013 17:1:43] /goto Deathbine
[15/2/2013 17:1:52] /goto Tiquandas Revenge
[15/2/2013 17:2:40] /i 3966
[15/2/2013 17:3:11] /m merlkin
[15/2/2013 17:3:23] /goto merlkin
[15/2/2013 17:3:47] /i 7290
[15/2/2013 17:4:7] /i 5909
[15/2/2013 17:4:21] /i 5913
[15/2/2013 17:4:34] /i 5911
[15/2/2013 17:4:45] /i 5910
[15/2/2013 17:4:51] /i 5912
[15/2/2013 17:5:10] /i 5909
[15/2/2013 17:5:19] /i 5914
[15/2/2013 17:5:27] /i 5913
[15/2/2013 17:14:3] /r
[15/2/2013 17:14:5] /r
[15/2/2013 17:18:10] /goto Supdawg
[15/2/2013 17:18:17] /i assassin star
[15/2/2013 17:44:24] /goto Prototype Junior
[15/2/2013 17:44:47] /t
[15/2/2013 17:44:54] /c Prototype Junior
[15/2/2013 17:47:3] /goto pity the fool 
[15/2/2013 17:48:4] /t
[15/2/2013 17:48:32] /c pity the fool 
[15/2/2013 17:58:43] /reload creaturescript
[15/2/2013 23:38:49] /t
[15/2/2013 23:39:35] /r
[15/2/2013 23:39:37] /r
[15/2/2013 23:40:21] /t
[15/2/2013 23:42:34] /r
[15/2/2013 23:43:4] /reload actions
[15/2/2013 23:48:31] /t
[15/2/2013 23:52:6] /r
[15/2/2013 23:52:8] /r
[16/2/2013 13:57:13] /t
[16/2/2013 13:58:7] /goto mage
[16/2/2013 13:58:21] /goto mage
[16/2/2013 14:4:24] /bc Server restart in 30 min. 
[16/2/2013 14:5:48] /up
[16/2/2013 14:5:51] /up
[16/2/2013 14:5:55] /up
[16/2/2013 14:6:1] /up
[16/2/2013 14:6:3] /up
[16/2/2013 14:22:32] /bc Update restart in 10 min. Be prepaird and please logout.
[16/2/2013 14:23:7] /bc Prepared*
[16/2/2013 14:23:22] /bc Prepared^^
[16/2/2013 14:23:41] /bc Prepared*
[16/2/2013 14:23:43] /bc Prepared*
[16/2/2013 14:27:53] /bc Update restart in 5 min. Be prepared and please logout.
[16/2/2013 14:32:4] /bc Update restart in 1 min. Be prepared and please logout.
[16/2/2013 14:33:8] /save
[16/2/2013 14:37:28] /ghost
[16/2/2013 14:37:30] /t
[16/2/2013 14:41:51] /reload move events
[16/2/2013 14:44:4] /bc We got some issues with training monks. Will be fixed asap
[16/2/2013 14:45:37] /reload talkactions
[16/2/2013 14:50:52] /reload talkactions
[16/2/2013 14:51:33] /botcheck Gooby
[16/2/2013 15:5:0] /reload creatureevnets
[16/2/2013 15:5:5] /reload creatureevents
[16/2/2013 15:5:10] /reload talkactions
[16/2/2013 15:5:25] /botcheck gooby
[16/2/2013 15:7:12] /botcheck gooby
[16/2/2013 15:18:23] /reload creatureevents
[16/2/2013 15:20:4] /reload creatureevents
[16/2/2013 15:25:26] /reload moveevents
[16/2/2013 15:44:24] /reload moveevents
[16/2/2013 15:44:28] /reload creatureevents
[16/2/2013 15:44:35] /reload talkactions
[16/2/2013 19:23:42] /reload moveevents
[16/2/2013 19:23:53] /t
[16/2/2013 19:35:10] /reload moveevents
[16/2/2013 19:35:20] /reload moveevents
[16/2/2013 19:37:9] /bc The testing on training monk is over! Its back to normal.
[16/2/2013 19:37:44] /goto Puuha Pete
[16/2/2013 19:38:45] /goto Prototype 
[16/2/2013 19:39:7] /goto The Fool
[16/2/2013 19:39:30] /goto Pity The Fool
[16/2/2013 19:40:56] /goto Jocker
[16/2/2013 19:41:25] /t
[17/2/2013 0:30:1] /goto Prototype
[17/2/2013 12:21:47] /goto supdawg
[17/2/2013 12:23:30] /ghost
[17/2/2013 12:25:24] /addskill supdawg, lvl
[17/2/2013 12:25:27] /addskill supdawg, lvl
[17/2/2013 12:25:28] /addskill supdawg, lvl
[17/2/2013 12:25:28] /addskill supdawg, lvl
[17/2/2013 12:25:29] /addskill supdawg, lvl
[17/2/2013 12:25:29] /addskill supdawg, lvl
[17/2/2013 12:25:29] /addskill supdawg, lvl
[17/2/2013 12:25:30] /addskill supdawg, lvl
[17/2/2013 12:25:30] /addskill supdawg, lvl
[17/2/2013 12:25:31] /addskill supdawg, lvl
[17/2/2013 12:25:31] /addskill supdawg, lvl
[17/2/2013 12:25:32] /addskill supdawg, lvl
[17/2/2013 12:25:32] /addskill supdawg, lvl
[17/2/2013 12:25:33] /addskill supdawg, lvl
[17/2/2013 12:25:33] /addskill supdawg, lvl
[17/2/2013 12:25:33] /addskill supdawg, lvl
[17/2/2013 12:25:34] /addskill supdawg, lvl
[17/2/2013 12:25:34] /addskill supdawg, lvl
[17/2/2013 12:25:35] /addskill supdawg, lvl
[17/2/2013 12:25:35] /addskill supdawg, lvl
[17/2/2013 12:25:35] /addskill supdawg, lvl
[17/2/2013 12:25:37] /addskill supdawg, lvl
[17/2/2013 12:25:37] /addskill supdawg, lvl
[17/2/2013 12:25:37] /addskill supdawg, lvl
[17/2/2013 12:25:38] /addskill supdawg, lvl
[17/2/2013 12:25:38] /addskill supdawg, lvl
[17/2/2013 12:25:39] /addskill supdawg, lvl
[17/2/2013 12:25:39] /addskill supdawg, lvl
[17/2/2013 12:25:40] /addskill supdawg, lvl
[17/2/2013 12:25:40] /addskill supdawg, lvl
[17/2/2013 12:25:41] /addskill supdawg, lvl
[17/2/2013 12:25:41] /addskill supdawg, lvl
[17/2/2013 12:25:42] /addskill supdawg, lvl
[17/2/2013 12:25:42] /addskill supdawg, lvl
[17/2/2013 12:25:43] /addskill supdawg, lvl
[17/2/2013 12:25:44] /addskill supdawg, lvl
[17/2/2013 12:25:44] /addskill supdawg, lvl
[17/2/2013 12:25:45] /addskill supdawg, lvl
[17/2/2013 12:25:45] /addskill supdawg, lvl
[17/2/2013 12:25:46] /addskill supdawg, lvl
[17/2/2013 12:25:46] /addskill supdawg, lvl
[17/2/2013 12:25:47] /addskill supdawg, lvl
[17/2/2013 12:25:47] /addskill supdawg, lvl
[17/2/2013 12:25:48] /addskill supdawg, lvl
[17/2/2013 12:25:48] /addskill supdawg, lvl
[17/2/2013 12:25:49] /addskill supdawg, lvl
[17/2/2013 12:25:51] /addskill supdawg, lvl
[17/2/2013 12:25:52] /addskill supdawg, lvl
[17/2/2013 12:25:53] /addskill supdawg, lvl
[17/2/2013 12:25:53] /addskill supdawg, lvl
[17/2/2013 12:25:54] /addskill supdawg, lvl
[17/2/2013 12:25:54] /addskill supdawg, lvl
[17/2/2013 12:25:55] /addskill supdawg, lvl
[17/2/2013 12:25:55] /addskill supdawg, lvl
[17/2/2013 12:25:56] /addskill supdawg, lvl
[17/2/2013 12:25:56] /addskill supdawg, lvl
[17/2/2013 12:25:57] /addskill supdawg, lvl
[17/2/2013 12:25:57] /addskill supdawg, lvl
[17/2/2013 12:25:58] /addskill supdawg, lvl
[17/2/2013 12:25:58] /addskill supdawg, lvl
[17/2/2013 12:25:59] /addskill supdawg, lvl
[17/2/2013 12:26:19] /addskill supdawg, lvl
[17/2/2013 12:26:19] /addskill supdawg, lvl
[17/2/2013 12:33:26] /i addon doll
[17/2/2013 12:37:36] /addskill supdawg, dist
[17/2/2013 12:37:37] /addskill supdawg, dist
[17/2/2013 12:37:38] /addskill supdawg, dist
[17/2/2013 12:37:39] /addskill supdawg, dist
[17/2/2013 12:37:39] /addskill supdawg, dist
[17/2/2013 12:37:40] /addskill supdawg, dist
[17/2/2013 12:37:40] /addskill supdawg, dist
[17/2/2013 12:37:41] /addskill supdawg, dist
[17/2/2013 12:37:41] /addskill supdawg, dist
[17/2/2013 12:37:41] /addskill supdawg, dist
[17/2/2013 12:38:41] /i [D]Slingshot
[17/2/2013 12:39:23] /i [D]Paladin shield
[17/2/2013 12:43:31] /i spellbopok
[17/2/2013 12:43:33] /i spellbook
[17/2/2013 12:46:25] /ghost
[17/2/2013 12:46:30] /goto Blaze
[17/2/2013 13:8:44] /reload moveevents
[17/2/2013 13:8:53] /reload globalevents
[17/2/2013 17:49:46] /goto Demon Bug Dragon Killer
[17/2/2013 17:50:39] /goto Demon Bug Dragon Killer
[17/2/2013 18:33:30] /goto {x = 1814, y = 1055, z = 4}
[17/2/2013 18:33:35] /goto x = 1814, y = 1055, z = 4
[17/2/2013 18:34:49] /a {x = 1814, y = 1055, z = 4}
[17/2/2013 18:35:3] /a 1814,1055, 4
[17/2/2013 18:35:10] /a 1814,1055,4
[17/2/2013 18:35:14] /a 1814 1055 4
[17/2/2013 18:35:17] /a 1814 1055 4
[17/2/2013 18:35:18] /a 1814 1055 4
[17/2/2013 18:35:19] /a 1814 1055 4
[17/2/2013 18:35:20] /a 1814 1055 4
[17/2/2013 18:35:21] /a 1814 1055 4
[17/2/2013 18:37:9] /r
[17/2/2013 18:37:11] /r
[17/2/2013 18:37:12] /r
[17/2/2013 18:37:21] /m gates
[17/2/2013 18:37:22] /m gate
[17/2/2013 18:39:8] /r
[17/2/2013 18:39:10] /r
[17/2/2013 18:40:48] /i 3958
[17/2/2013 18:41:2] /i 3798
[17/2/2013 18:42:13] /r
[17/2/2013 18:42:15] /r
[17/2/2013 18:42:17] /r
[17/2/2013 18:48:22] /r
[17/2/2013 19:42:45] /t
[17/2/2013 21:10:8] /m juggernaut
[17/2/2013 21:43:48] /goto Almo
[17/2/2013 21:44:11] /goto Prototype Is Gay
[17/2/2013 21:44:31] /goto Prototype Is Gay
[17/2/2013 21:45:3] /goto Prototype Is Gay
[17/2/2013 21:45:12] /t
[17/2/2013 21:45:15] /c Prototype Is Gay
[17/2/2013 21:45:30] /goto Whodoesnt Havea'cupofthis
[17/2/2013 21:45:53] /t
[17/2/2013 21:45:57] /c Whodoesnt Havea'cupofthis
[17/2/2013 21:46:12] /goto Wazaap
[18/2/2013 8:18:56] /goto Blaze
[18/2/2013 8:19:11] /goto Puuha Pete 
[18/2/2013 8:31:1] /goto Blaze
[18/2/2013 8:52:11] /goto Puuha Pete
[18/2/2013 8:52:16] /goto Blaze
[18/2/2013 8:52:29] /save
[18/2/2013 8:58:56] /reload actions
[18/2/2013 9:12:37] /reload moveevents
[18/2/2013 9:12:45] /reload globalevents
[18/2/2013 9:14:50] /c gooby
[18/2/2013 9:20:28] /reload globalevents
[18/2/2013 9:21:0] /reload moveevents
[18/2/2013 12:51:5] /goto Angel Of Heal 
[18/2/2013 13:42:9] /i 2272
[18/2/2013 13:42:21] /ghost
[18/2/2013 13:43:0] /i 2280
[18/2/2013 13:43:36] /reload action
[18/2/2013 13:44:11] /reload action
[18/2/2013 13:44:50] /ghost
[18/2/2013 13:49:42] /reload action
[18/2/2013 13:50:13] /reload action
[18/2/2013 13:54:25] /reload action
[18/2/2013 16:54:34] /goto Zeberex
[18/2/2013 16:55:50] /goto Blaze
[18/2/2013 17:22:4] /reports
[18/2/2013 17:23:42] /gethouse 
[18/2/2013 17:23:47] /gethouse
[18/2/2013 17:23:57] /gethouse 8
[18/2/2013 17:24:17] /house
[18/2/2013 17:24:20] /house 8
[18/2/2013 17:24:28] /house 23
[18/2/2013 17:24:33] /house 23
[18/2/2013 17:24:38] /house helper
[18/2/2013 17:24:50] /gethouse helper
[18/2/2013 17:28:47] /t
[20/2/2013 10:51:58] /reload config
[20/2/2013 10:54:23] /ghost
[20/2/2013 11:18:53] /save
[20/2/2013 15:21:48] /reload actions
[20/2/2013 21:50:10] /reload actions
[20/2/2013 21:50:48] /reload actions
[20/2/2013 22:1:5] /i plate legs
[20/2/2013 22:1:10] /i plate legs
[20/2/2013 22:1:10] /i plate legs
[20/2/2013 22:1:11] /i plate legs
[20/2/2013 22:1:15] /i plate armor
[20/2/2013 22:1:16] /i plate armor
[20/2/2013 22:1:17] /i plate armor
[20/2/2013 22:1:17] /i plate armor
[20/2/2013 22:1:34] /i steel helmet
[20/2/2013 22:1:35] /i steel helmet
[20/2/2013 22:1:35] /i steel helmet
[20/2/2013 22:1:36] /i steel helmet
[20/2/2013 22:51:34] /reload global events
[20/2/2013 22:54:3] /reload global events
[20/2/2013 22:54:16] /reload global events
[20/2/2013 22:54:51] /reload global events
[20/2/2013 22:55:23] /reload global events
[20/2/2013 22:57:38] /reload global events
[20/2/2013 22:58:26] /reload global events
[20/2/2013 22:59:29] /reload global events
[20/2/2013 23:0:59] /reload global events
[20/2/2013 23:1:33] /reload global events
[20/2/2013 23:2:5] /reload global events
[20/2/2013 23:3:52] /reload global events
[20/2/2013 23:4:29] /reload global events
[20/2/2013 23:7:8] /reload global events
[20/2/2013 23:21:40] /reload global events
[20/2/2013 23:23:25] /reload global events
[20/2/2013 23:24:58] /ghost
[20/2/2013 23:27:37] /t
[21/2/2013 8:46:49] /ghost
[21/2/2013 8:46:58] /i manarune
[21/2/2013 8:47:0] /i manarune
[21/2/2013 8:47:0] /i manarune
[21/2/2013 8:47:18] /i 2273
[21/2/2013 8:47:22] /i 2274
[21/2/2013 8:47:25] /i 2275
[21/2/2013 8:47:27] /i 2276
[21/2/2013 8:47:28] /i 2278
[21/2/2013 8:49:52] /i 2280
[21/2/2013 9:11:9] /reload creatureevents
[21/2/2013 9:13:26] /reload creatureevents
[21/2/2013 9:15:37] /reload creatureevents
[21/2/2013 9:22:17] /reload creatureevents
[21/2/2013 17:56:56] /t
[21/2/2013 17:58:39] /m dragon lord
[21/2/2013 17:58:40] /m dragon lord
[21/2/2013 17:58:41] /m dragon lord
[21/2/2013 17:58:41] /m dragon lord
[21/2/2013 17:58:41] /m dragon lord
[21/2/2013 17:58:42] /m dragon lord
[21/2/2013 17:58:42] /m dragon lord
[21/2/2013 17:58:43] /m dragon lord
[21/2/2013 18:0:10] /m dragon lord
[21/2/2013 18:0:11] /m dragon lord
[21/2/2013 18:0:11] /m dragon lord
[21/2/2013 18:0:12] /m dragon lord
[21/2/2013 18:0:12] /m dragon lord
[21/2/2013 18:0:12] /m dragon lord
[21/2/2013 18:0:13] /m dragon lord
[21/2/2013 18:0:13] /m dragon lord
[21/2/2013 18:8:27] /m dragon lord
[21/2/2013 18:15:8] /m dragon lord
[21/2/2013 18:15:9] /m dragon lord
[21/2/2013 18:15:9] /m dragon lord
[21/2/2013 18:15:17] /m dragon lord
[21/2/2013 18:15:20] /m dragon lord
[21/2/2013 18:15:20] /m dragon lord
[21/2/2013 18:15:21] /m dragon lord
[21/2/2013 18:15:21] /m dragon lord
[21/2/2013 18:15:22] /m dragon lord
[21/2/2013 18:15:22] /m dragon lord
[21/2/2013 18:15:23] /m dragon lord
[21/2/2013 18:15:25] /m dragon lord
[21/2/2013 18:15:50] /m dragon lord
[21/2/2013 18:15:50] /m dragon lord
[21/2/2013 18:15:51] /m dragon lord
[21/2/2013 18:15:51] /m dragon lord
[21/2/2013 18:15:52] /m dragon lord
[21/2/2013 18:15:52] /m dragon lord
[21/2/2013 18:15:52] /m dragon lord
[21/2/2013 18:15:53] /m dragon lord
[21/2/2013 18:15:53] /m dragon lord
[21/2/2013 18:16:4] /m dragon lord
[21/2/2013 18:16:4] /m dragon lord
[21/2/2013 18:16:5] /m dragon lord
[21/2/2013 18:16:5] /m dragon lord
[21/2/2013 18:16:6] /m dragon lord
[21/2/2013 18:16:6] /m dragon lord
[21/2/2013 18:16:6] /m dragon lord
[21/2/2013 18:16:7] /m dragon lord
[21/2/2013 18:16:7] /m dragon lord
[21/2/2013 18:17:53] /reload config
[21/2/2013 18:18:21] /reload mods
[21/2/2013 18:18:31] /reload actions
[21/2/2013 18:20:25] /reload actions
[21/2/2013 18:21:24] /m ghastly dragon
[21/2/2013 18:21:27] /m ghastly dragon
[21/2/2013 18:21:28] /m ghastly dragon
[21/2/2013 18:21:29] /m ghastly dragon
[21/2/2013 18:21:29] /m ghastly dragon
[21/2/2013 18:21:29] /m ghastly dragon
[21/2/2013 18:21:30] /m ghastly dragon
[21/2/2013 18:21:30] /m ghastly dragon
[21/2/2013 18:21:31] /m ghastly dragon
[21/2/2013 18:22:1] /i spellweaver's robe
[21/2/2013 18:22:4] /i spellweaver's robe
[21/2/2013 18:23:0] /i zaoan halberd
[21/2/2013 18:25:37] /i
[21/2/2013 18:25:39] /t
[21/2/2013 18:26:7] /m demon
[21/2/2013 18:26:8] /m demon
[21/2/2013 18:26:8] /m demon
[21/2/2013 18:26:9] /m demon
[21/2/2013 18:26:9] /m demon
[21/2/2013 18:26:9] /m demon
[21/2/2013 18:26:10] /m demon
[21/2/2013 18:26:10] /m demon
[21/2/2013 20:10:21] /reload global events
[24/2/2013 19:24:56] /up
[24/2/2013 19:25:0] /t
[24/2/2013 19:35:5] /i 1388
[24/2/2013 19:35:10] /r
[24/2/2013 19:35:11] /r
[24/2/2013 20:25:57] /r
[24/2/2013 20:26:2] /r
[24/2/2013 20:28:33] /r
[25/2/2013 16:51:35] /down
[25/2/2013 22:41:58] /r
[25/2/2013 22:42:10] /a 2
[25/2/2013 22:44:48] /i 3667
[26/2/2013 1:2:14] /t
[26/2/2013 1:7:34] /i manarune
[26/2/2013 1:7:37] /i manarune
[26/2/2013 1:7:39] /i manarune
[26/2/2013 1:10:18] /i 2280
[26/2/2013 1:17:38] /reload actions
[26/2/2013 1:18:28] /reload actions
[28/2/2013 11:25:28] /i manarune
[28/2/2013 11:26:46] /reload actions
[28/2/2013 11:27:23] /reload actions
[28/2/2013 11:41:20] /reload globalevents
[28/2/2013 11:59:56] /i 1484
[1/3/2013 14:46:53] /i ice stone
[1/3/2013 14:47:0] /i icestone
[1/3/2013 14:47:10] /i ice stone
[1/3/2013 14:47:37] /m Ice Stone
[1/3/2013 15:45:11] /reload globalevents
[1/3/2013 15:59:52] /reload globalevents
[1/3/2013 16:3:38] /reload globalevents
[1/3/2013 16:16:21] /reload globalevents
[1/3/2013 16:26:22] /reload globalevents
[1/3/2013 16:27:50] /reload globalevents
[1/3/2013 16:29:10] /reload globalevents
[1/3/2013 16:32:8] /reload globalevents
[1/3/2013 16:32:19] /reload globalevents
[1/3/2013 16:32:29] /reload globalevents
[1/3/2013 16:54:42] /t
[1/3/2013 17:0:25] /t
[1/3/2013 17:45:0] /reload globalevents
[1/3/2013 17:45:19] /reload globalevents
[1/3/2013 17:46:22] /reload globalevents
[1/3/2013 17:48:24] /reload globalevents
[1/3/2013 17:50:4] /reload globalevents
[1/3/2013 17:51:41] /reload globalevents
[1/3/2013 17:53:12] /reload globalevents
[1/3/2013 17:53:42] /reload globalevents
[1/3/2013 17:53:47] /reload globalevents
[1/3/2013 17:54:57] /reload globalevents
[1/3/2013 17:56:15] /reload globalevents
[1/3/2013 17:57:13] /reload globalevents
[1/3/2013 18:7:24] /down
[1/3/2013 18:9:5] /down
[1/3/2013 18:9:6] /reload globalevents
[1/3/2013 18:10:19] /reload globalevents
[1/3/2013 18:11:20] /reload globalevents
[1/3/2013 18:13:2] /reload globalevents
[1/3/2013 18:15:0] /reload globalevents
[1/3/2013 18:15:42] /reload globalevents
[1/3/2013 18:17:23] /reload globalevents
[1/3/2013 18:18:41] /reload globalevents
[1/3/2013 18:19:48] /reload globalevents
[1/3/2013 18:30:4] /reload globalevents
[1/3/2013 18:31:42] /reload globalevents
[1/3/2013 18:33:46] /reload globalevents
[1/3/2013 18:36:9] /reload globalevents
[1/3/2013 18:37:41] /reload globalevents
[1/3/2013 18:41:3] /reload globalevents
[1/3/2013 18:55:3] /reload globalevents
[1/3/2013 23:2:50] /reload globalevents
[1/3/2013 23:3:30] /reload globalevents
[1/3/2013 23:3:40] /reload globalevents
[1/3/2013 23:4:37] /reload globalevents
[1/3/2013 23:4:45] /reload globalevents
[1/3/2013 23:5:8] /reload globalevents
[1/3/2013 23:5:24] /reload globalevents
[1/3/2013 23:5:44] /reload globalevents
[1/3/2013 23:5:55] /reload globalevents
[1/3/2013 23:6:12] /reload globalevents
[1/3/2013 23:6:55] /reload globalevents
[1/3/2013 23:7:4] /reload globalevents
[1/3/2013 23:7:14] /reload globalevents
[1/3/2013 23:7:24] /reload globalevents
[1/3/2013 23:7:34] /reload globalevents
[1/3/2013 23:7:42] /reload globalevents
[1/3/2013 23:7:55] /reload globalevents
[1/3/2013 23:21:19] /reload actions
[1/3/2013 23:22:13] /reload actions
[1/3/2013 23:28:1] /reload globalevents
[1/3/2013 23:29:20] /reload globalevents
[1/3/2013 23:31:13] /reload globalevents
[1/3/2013 23:32:19] /reload globalevents
[1/3/2013 23:33:3] /reload globalevents
[1/3/2013 23:34:47] /reload globalevents
[1/3/2013 23:40:3] /reload globalevents
[1/3/2013 23:40:33] /reload globalevents
[1/3/2013 23:45:45] /reload globalevents
[1/3/2013 23:47:14] /reload globalevents
[1/3/2013 23:48:39] /reload globalevents
[1/3/2013 23:49:21] /reload globalevents
[1/3/2013 23:58:38] /reload globalevents
[1/3/2013 23:58:54] /reload globalevents
[2/3/2013 0:0:50] /reload globalevents
[2/3/2013 0:1:27] /reload globalevents
[2/3/2013 0:2:10] /reload globalevents
[2/3/2013 0:5:1] /reload globalevents
[2/3/2013 0:6:31] /reload globalevents
[2/3/2013 0:8:17] /reload globalevents
[2/3/2013 0:9:9] /reload globalevents
[2/3/2013 0:11:31] /reload globalevents
[2/3/2013 0:12:57] /reload globalevents
[2/3/2013 0:13:22] /reload globalevents
[2/3/2013 0:14:34] /reload globalevents
[2/3/2013 0:17:56] /reload globalevents
[2/3/2013 0:51:32] /i 458
[2/3/2013 0:51:33] /i 458
[2/3/2013 1:6:29] /t
[2/3/2013 1:7:48] /t
[2/3/2013 1:23:44] /reload talkactions
[2/3/2013 1:49:29] /reload moveevents
[2/3/2013 1:51:14] /reload moveevents
[2/3/2013 1:53:17] /reload moveevents
[2/3/2013 1:56:54] /reload globalevents
[2/3/2013 2:9:50] /reload movements
[2/3/2013 2:10:37] /reload movements
[2/3/2013 2:11:3] /reload movements
[2/3/2013 2:11:39] /reload movements
[2/3/2013 2:12:9] /reload movements
[2/3/2013 2:14:49] /reload movements
[2/3/2013 2:15:44] /reload movements
[2/3/2013 2:18:1] /reload movements
[2/3/2013 2:18:50] /reload movements
[2/3/2013 2:18:56] /reload movements
[2/3/2013 2:20:3] /reload movements
[2/3/2013 2:22:16] /reload movements
[2/3/2013 2:22:43] /reload movements
[2/3/2013 2:41:44] /i 1739
[2/3/2013 2:48:54] /i 9564
[2/3/2013 3:11:14] /reload actions
[2/3/2013 3:18:5] /reload actions
[2/3/2013 3:18:28] /c mother of god
[2/3/2013 3:49:33] /reload actions
[2/3/2013 4:13:14] /save
[2/3/2013 4:34:2] /reload moveevents
[2/3/2013 4:34:31] /up
[2/3/2013 18:40:32] /reload movements
[2/3/2013 18:46:54] /reload movements
[2/3/2013 18:50:47] /up
[3/3/2013 3:16:42] /reload actions
[3/3/2013 3:18:3] /reload actions
[3/3/2013 3:18:56] /reload actions
[3/3/2013 3:28:28] /reload moveevnets
[3/3/2013 3:28:32] /reload moveevents
[3/3/2013 3:32:24] /reload moveevents
[3/3/2013 3:32:56] /t
[3/3/2013 3:33:11] /t
[3/3/2013 3:33:18] /t
[3/3/2013 3:33:34] /t
[3/3/2013 3:33:40] /t
[3/3/2013 3:33:43] /t
[3/3/2013 12:28:34] /t
[3/3/2013 12:36:21] /m fear
[3/3/2013 12:37:33] /goto fear
[3/3/2013 12:38:42] /goto fear
[3/3/2013 12:38:43] /goto fear
[3/3/2013 12:38:43] /goto fear
[3/3/2013 12:38:44] /goto fear
[3/3/2013 12:38:44] /goto fear
[3/3/2013 12:38:45] /goto fear
[3/3/2013 12:38:45] /goto fear
[3/3/2013 12:38:45] /goto fear
[3/3/2013 12:38:46] /goto fear
[3/3/2013 12:39:20] /c gooby
[3/3/2013 12:40:50] /down
[3/3/2013 12:44:39] /goto fear
[3/3/2013 12:44:55] /goto fear
[3/3/2013 12:49:44] /t
[3/3/2013 12:50:34] /clean
[3/3/2013 12:51:57] /m Orshabaal
[3/3/2013 12:52:55] /up
[3/3/2013 12:52:56] /up
[3/3/2013 13:12:22] /up
[3/3/2013 13:12:30] /a 5
[3/3/2013 13:12:31] /a 5
[3/3/2013 13:12:33] /a 7
[3/3/2013 13:12:36] /a 10
[3/3/2013 13:12:41] /up
[3/3/2013 13:12:45] /a 30
[3/3/2013 13:12:46] /a 30
[3/3/2013 13:12:47] /a 30
[3/3/2013 13:13:7] /m fear
[3/3/2013 13:17:8] /save
[3/3/2013 13:18:13] /down
[3/3/2013 13:18:14] /down
[3/3/2013 13:18:20] /save
[3/3/2013 13:19:53] /a 40
[3/3/2013 13:20:19] /a 50
[3/3/2013 13:20:20] /a 50
[3/3/2013 15:21:9] /reload actions
[3/3/2013 15:22:12] /reload actions
[3/3/2013 15:30:55] /addskill gooby, lvl
[3/3/2013 15:30:57] /addskill gooby, lvl
[3/3/2013 15:30:57] /addskill gooby, lvl
[3/3/2013 15:30:57] /addskill gooby, lvl
[3/3/2013 15:30:58] /addskill gooby, lvl
[3/3/2013 15:30:58] /addskill gooby, lvl
[3/3/2013 15:30:59] /addskill gooby, lvl
[3/3/2013 15:30:59] /addskill gooby, lvl
[3/3/2013 15:31:32] /addskill gooby, lvl
[3/3/2013 15:31:32] /addskill gooby, lvl
[3/3/2013 15:31:33] /addskill gooby, lvl
[3/3/2013 15:31:33] /addskill gooby, lvl
[3/3/2013 15:31:33] /addskill gooby, lvl
[3/3/2013 15:31:34] /addskill gooby, lvl
[3/3/2013 15:31:34] /addskill gooby, lvl
[3/3/2013 15:31:34] /addskill gooby, lvl
[3/3/2013 15:31:35] /addskill gooby, lvl
[3/3/2013 15:33:40] /a 40
[3/3/2013 15:34:34] /down
[3/3/2013 15:34:37] /down
[3/3/2013 15:36:4] /c gooby
[3/3/2013 15:37:30] /bc yolo
[3/3/2013 15:37:57] /b yolo
[3/3/2013 15:38:4] /bc yooy
[3/3/2013 15:38:46] /bc aad
[3/3/2013 15:38:49] /bc aadafadfgsdfgafdrgdfg
[3/3/2013 15:39:1] /bc aadafadfgsdfgafdrgdfg
[3/3/2013 15:39:4] /bc aadafadfgsdfgafdrgdfg
[3/3/2013 15:39:5] /bc aadafadfgsdfgafdrgdfg
[3/3/2013 15:39:5] /bc aadafadfgsdfgafdrgdfg
[3/3/2013 15:39:6] /bc aadafadfgsdfgafdrgdfg
[3/3/2013 15:39:39] /bc ,asdasd
[3/3/2013 15:39:46] /bc admin, asgsdgsag
[3/3/2013 15:39:56] /bc fösjdföoiasfgoidfngioadfjgöiohdfagiol
[3/3/2013 15:40:1] /bc dfsgjndlsfkgjdsfkjgnkdfg
[3/3/2013 15:40:4] /bc dfsgjndlsfkgjdsfkjgnkdfg, 
[3/3/2013 15:40:6] /bc dfsgjndlsfkgjdsfkjgnkdfg, asdfasd
[3/3/2013 15:40:8] /bc dfsgjndlsfkgjdsfkjgnkdfg, asdfasd
[3/3/2013 15:40:9] /bc dfsgjndlsfkgjdsfkjgnkdfg, asdfasd
[3/3/2013 15:40:13] /bc dfsgjndlsfkgjdsfkjgnkdfg, asdfasd
[3/3/2013 15:40:41] /bc
[3/3/2013 15:40:43] /bc
[3/3/2013 15:40:45] /bc d
[3/3/2013 15:41:11] /bc d df
[3/3/2013 15:41:12] /bc d df
[3/3/2013 15:41:17] /bc d faf afasfdas afasfasda
[3/3/2013 15:41:20] /bc d faf afasfdas afasfasda
[3/3/2013 15:42:5] /c gooby
[3/3/2013 15:42:29] /reload actions
[3/3/2013 16:1:13] /c gooby
[3/3/2013 16:2:2] /reload actions
[3/3/2013 16:2:17] /reload actions
[3/3/2013 16:3:24] /c gooby
[3/3/2013 16:3:36] /t
[3/3/2013 16:3:58] /c gooby
[3/3/2013 16:5:41] /goto gooby
[3/3/2013 16:5:57] /c booby
[3/3/2013 16:6:1] /c gooby
[3/3/2013 16:9:33] /goto gooby
[3/3/2013 16:9:36] /reload actions
[3/3/2013 16:10:45] /a 40
[3/3/2013 16:10:47] /a 50
[3/3/2013 16:10:51] /a 45
[3/3/2013 16:10:52] /a 45
[3/3/2013 16:10:54] /a 30
[3/3/2013 16:10:58] /a 35
[3/3/2013 16:11:1] /a 30
[3/3/2013 16:11:3] /a 32
[3/3/2013 16:11:4] /a 33
[3/3/2013 16:11:5] /a 34
[3/3/2013 16:11:6] /a 35
[3/3/2013 16:11:8] /a 36
[3/3/2013 16:11:9] /a 37
[3/3/2013 16:11:11] /a 38
[3/3/2013 16:11:12] /a 39
[3/3/2013 16:11:14] /a 10
[3/3/2013 16:11:17] /a 40
[3/3/2013 16:11:19] /a 41
[3/3/2013 16:11:20] /a 42
[3/3/2013 16:11:23] /a 20
[3/3/2013 16:12:5] /goto gooby
[3/3/2013 16:12:31] /goto gooby
[3/3/2013 16:13:14] /reload actions
[3/3/2013 16:13:34] /c gooby
[3/3/2013 16:14:39] /goto gooby
[3/3/2013 16:14:50] /a 20
[3/3/2013 16:15:2] /c gooby
[3/3/2013 16:15:37] /down
[3/3/2013 16:15:38] /down
[3/3/2013 16:18:43] /a 20
[3/3/2013 16:18:44] /a 20
[3/3/2013 16:18:45] /a 24
[3/3/2013 16:18:48] /a 24
[3/3/2013 16:18:52] /a 24
[3/3/2013 16:18:55] /a 30
[3/3/2013 16:19:4] /a 30
[3/3/2013 16:19:6] /a 30
[3/3/2013 16:19:7] /a 30
[3/3/2013 16:19:24] /a 24
[3/3/2013 16:19:46] /a 24
[3/3/2013 16:19:57] /a 30
[3/3/2013 16:20:32] /a 30
[3/3/2013 16:20:35] /a 25
[3/3/2013 16:20:36] /a 22
[3/3/2013 16:20:39] /a 25
[3/3/2013 16:20:42] /a 20
[3/3/2013 16:20:44] /a 20
[3/3/2013 16:20:48] /a 30
[3/3/2013 16:20:51] /a 30
[3/3/2013 16:20:55] /a 30
[3/3/2013 16:21:8] /a 25
[3/3/2013 16:22:14] /a 25
[3/3/2013 16:22:16] /a 25
[3/3/2013 16:22:21] /down
[3/3/2013 16:22:22] /down
[3/3/2013 16:22:31] /reload actions
[3/3/2013 16:22:46] /c gooby
[3/3/2013 16:23:59] /goto gooby
[3/3/2013 16:24:39] /a 30
[3/3/2013 16:24:47] /a 30
[3/3/2013 16:25:0] /a 20
[3/3/2013 16:25:22] /goto gooby
[3/3/2013 16:28:6] /reload actions
[3/3/2013 16:29:11] /reload actions
[3/3/2013 16:29:15] /down
[3/3/2013 16:29:16] /down
[3/3/2013 16:29:26] /c gooby
[3/3/2013 16:29:43] /a 30
[3/3/2013 16:29:47] /a 30
[3/3/2013 16:30:31] /c gooby
[3/3/2013 16:30:36] /down
[3/3/2013 16:30:37] /down
[3/3/2013 16:32:6] /c knullarn
[3/3/2013 16:32:17] /addskill knullarn
[3/3/2013 16:32:18] /addskill knullarn
[3/3/2013 16:32:18] /addskill knullarn
[3/3/2013 16:32:19] /addskill knullarn
[3/3/2013 16:32:21] /addskill knullarn, lvl
[3/3/2013 16:32:22] /addskill knullarn, lvl
[3/3/2013 16:32:22] /addskill knullarn, lvl
[3/3/2013 16:32:23] /addskill knullarn
[3/3/2013 16:32:24] /addskill knullarn
[3/3/2013 16:32:24] /addskill knullarn, lvl
[3/3/2013 16:32:25] /addskill knullarn, lvl
[3/3/2013 16:32:25] /addskill knullarn, lvl
[3/3/2013 16:32:25] /addskill knullarn, lvl
[3/3/2013 16:32:26] /addskill knullarn, lvl
[3/3/2013 16:32:26] /addskill knullarn, lvl
[3/3/2013 16:32:26] /addskill knullarn, lvl
[3/3/2013 16:32:27] /addskill knullarn, lvl
[3/3/2013 16:32:27] /addskill knullarn, lvl
[3/3/2013 16:32:27] /addskill knullarn, lvl
[3/3/2013 16:32:28] /addskill knullarn, lvl
[3/3/2013 16:32:28] /addskill knullarn, lvl
[3/3/2013 16:32:29] /addskill knullarn, lvl
[3/3/2013 16:32:29] /addskill knullarn, lvl
[3/3/2013 16:32:29] /addskill knullarn, lvl
[3/3/2013 16:32:30] /addskill knullarn, lvl
[3/3/2013 16:32:30] /addskill knullarn, lvl
[3/3/2013 16:32:30] /addskill knullarn, lvl
[3/3/2013 16:32:31] /addskill knullarn, lvl
[3/3/2013 16:32:31] /addskill knullarn, lvl
[3/3/2013 16:32:32] /addskill knullarn, lvl
[3/3/2013 16:32:33] /addskill knullarn, lvl
[3/3/2013 16:32:33] /addskill knullarn, lvl
[3/3/2013 16:32:34] /addskill knullarn, lvl
[3/3/2013 16:32:34] /addskill knullarn, lvl
[3/3/2013 16:32:34] /addskill knullarn, lvl
[3/3/2013 16:32:35] /addskill knullarn, lvl
[3/3/2013 16:32:35] /addskill knullarn, lvl
[3/3/2013 16:32:36] /addskill knullarn, lvl
[3/3/2013 16:32:36] /addskill knullarn, lvl
[3/3/2013 16:32:36] /addskill knullarn, lvl
[3/3/2013 16:32:37] /addskill knullarn, lvl
[3/3/2013 16:32:37] /addskill knullarn, lvl
[3/3/2013 16:32:38] /addskill knullarn, lvl
[3/3/2013 16:32:38] /addskill knullarn, lvl
[3/3/2013 16:36:54] /a 20
[3/3/2013 16:37:25] /addskill gooby, lvl
[3/3/2013 16:37:26] /addskill gooby, lvl
[3/3/2013 16:37:27] /addskill gooby, lvl
[3/3/2013 16:37:27] /addskill gooby, lvl
[3/3/2013 16:37:27] /addskill gooby, lvl
[3/3/2013 16:37:28] /addskill gooby, lvl
[3/3/2013 16:37:28] /addskill gooby, lvl
[3/3/2013 16:37:28] /addskill gooby, lvl
[3/3/2013 16:41:7] /t
[3/3/2013 16:52:47] /reload actions
[3/3/2013 16:54:57] /reload actions
[3/3/2013 17:2:39] /reload actions
[3/3/2013 17:4:23] /reload actions
[3/3/2013 17:4:53] /reload actions
[3/3/2013 17:5:28] /reload actions
[3/3/2013 17:8:38] /reload actions
[3/3/2013 17:10:15] /reload actions
[3/3/2013 17:10:52] /reload actions
[3/3/2013 17:13:58] /reload actions
[3/3/2013 17:15:4] /reload actions
[3/3/2013 17:15:52] /reload actions
[3/3/2013 17:17:37] /reload actions
[3/3/2013 17:19:38] /reload actions
[3/3/2013 17:22:57] /reload actions
[3/3/2013 17:24:57] /reload actions
[3/3/2013 17:27:31] /reload actions
[3/3/2013 17:28:46] /reload actions
[3/3/2013 17:28:51] /reload actions
[3/3/2013 17:29:19] /reload actions
[3/3/2013 17:30:10] /addskill swaggot, lvl
[3/3/2013 17:30:10] /addskill swaggot, lvl
[3/3/2013 17:30:11] /addskill swaggot, lvl
[3/3/2013 17:30:11] /addskill swaggot, lvl
[3/3/2013 17:30:11] /addskill swaggot, lvl
[3/3/2013 17:30:12] /addskill swaggot, lvl
[3/3/2013 17:30:12] /addskill swaggot, lvl
[3/3/2013 17:30:13] /addskill swaggot, lvl
[3/3/2013 17:30:13] /addskill swaggot, lvl
[3/3/2013 17:30:13] /addskill swaggot, lvl
[3/3/2013 17:30:14] /addskill swaggot, lvl
[3/3/2013 17:30:16] /goto
[3/3/2013 17:30:19] /goto swaggot
[3/3/2013 17:30:24] /c gooby
[3/3/2013 17:30:26] /goto swaggot
[3/3/2013 17:30:29] /addskill swaggot, lvl
[3/3/2013 17:30:29] /addskill swaggot, lvl
[3/3/2013 17:30:30] /goto swaggot
[3/3/2013 17:30:30] /goto swaggot
[3/3/2013 17:30:32] /addskill swaggot, lvl
[3/3/2013 17:30:33] /addskill swaggot, lvl
[3/3/2013 17:30:33] /addskill swaggot, lvl
[3/3/2013 17:30:34] /addskill swaggot, lvl
[3/3/2013 17:30:34] /addskill swaggot, lvl
[3/3/2013 17:30:34] /addskill swaggot, lvl
[3/3/2013 17:30:35] /addskill swaggot, lvl
[3/3/2013 17:30:35] /addskill swaggot, lvl
[3/3/2013 17:30:36] /addskill swaggot, lvl
[3/3/2013 17:30:36] /addskill swaggot, lvl
[3/3/2013 17:30:36] /addskill swaggot, lvl
[3/3/2013 17:30:37] /addskill swaggot, lvl
[3/3/2013 17:30:37] /addskill swaggot, lvl
[3/3/2013 17:30:37] /addskill swaggot, lvl
[3/3/2013 17:30:38] /addskill swaggot, lvl
[3/3/2013 17:30:38] /addskill swaggot, lvl
[3/3/2013 17:30:38] /addskill swaggot, lvl
[3/3/2013 17:30:39] /addskill swaggot, lvl
[3/3/2013 17:30:39] /addskill swaggot, lvl
[3/3/2013 17:30:40] /addskill swaggot, lvl
[3/3/2013 17:30:40] /addskill swaggot, lvl
[3/3/2013 17:30:41] /addskill swaggot, lvl
[3/3/2013 17:30:41] /addskill swaggot, lvl
[3/3/2013 17:30:42] /addskill swaggot, lvl
[3/3/2013 17:30:42] /addskill swaggot, lvl
[3/3/2013 17:30:42] /addskill swaggot, lvl
[3/3/2013 17:30:43] /addskill swaggot, lvl
[3/3/2013 17:30:43] /addskill swaggot, lvl
[3/3/2013 17:30:43] /addskill swaggot, lvl
[3/3/2013 17:30:44] /addskill swaggot, lvl
[3/3/2013 17:30:44] /addskill swaggot, lvl
[3/3/2013 17:30:45] /addskill swaggot, lvl
[3/3/2013 17:30:45] /addskill swaggot, lvl
[3/3/2013 17:30:46] /addskill swaggot, lvl
[3/3/2013 17:30:46] /addskill swaggot, lvl
[3/3/2013 17:30:47] /addskill swaggot, lvl
[3/3/2013 17:30:48] /goto swaggot
[3/3/2013 17:30:49] /addskill swaggot, lvl
[3/3/2013 17:30:50] /addskill swaggot, lvl
[3/3/2013 17:30:51] /addskill swaggot, lvl
[3/3/2013 17:30:52] /addskill swaggot, lvl
[3/3/2013 17:30:52] /addskill swaggot, lvl
[3/3/2013 17:30:52] /addskill swaggot, lvl
[3/3/2013 17:30:53] /addskill swaggot, lvl
[3/3/2013 17:30:53] /addskill swaggot, lvl
[3/3/2013 17:30:54] /addskill swaggot, lvl
[3/3/2013 17:30:54] /addskill swaggot, lvl
[3/3/2013 17:30:55] /addskill swaggot, lvl
[3/3/2013 17:30:57] /addskill swaggot, lvl
[3/3/2013 17:32:13] /reload actions
[3/3/2013 17:45:19] /reload actions
[3/3/2013 17:46:47] /addskill ub kenobi, lvl
[3/3/2013 17:46:48] /addskill ub kenobi, lvl
[3/3/2013 17:46:48] /addskill ub kenobi, lvl
[3/3/2013 17:46:48] /addskill ub kenobi, lvl
[3/3/2013 17:46:49] /addskill ub kenobi, lvl
[3/3/2013 17:46:49] /addskill ub kenobi, lvl
[3/3/2013 17:46:50] /addskill ub kenobi, lvl
[3/3/2013 17:46:50] /addskill ub kenobi, lvl
[3/3/2013 17:46:50] /addskill ub kenobi, lvl
[3/3/2013 17:46:51] /addskill ub kenobi, lvl
[3/3/2013 17:46:51] /addskill ub kenobi, lvl
[3/3/2013 17:46:52] /addskill ub kenobi, lvl
[3/3/2013 17:46:52] /addskill ub kenobi, lvl
[3/3/2013 17:46:52] /addskill ub kenobi, lvl
[3/3/2013 17:46:53] /addskill ub kenobi, lvl
[3/3/2013 17:46:53] /addskill ub kenobi, lvl
[3/3/2013 17:46:53] /addskill ub kenobi, lvl
[3/3/2013 17:46:54] /addskill ub kenobi, lvl
[3/3/2013 17:46:54] /addskill ub kenobi, lvl
[3/3/2013 17:46:54] /addskill ub kenobi, lvl
[3/3/2013 17:46:55] /addskill ub kenobi, lvl
[3/3/2013 17:46:55] /addskill ub kenobi, lvl
[3/3/2013 17:46:56] /addskill ub kenobi, lvl
[3/3/2013 17:46:56] /addskill ub kenobi, lvl
[3/3/2013 17:46:56] /addskill ub kenobi, lvl
[3/3/2013 17:46:57] /addskill ub kenobi, lvl
[3/3/2013 17:46:58] /addskill ub kenobi, lvl
[3/3/2013 17:46:58] /addskill ub kenobi, lvl
[3/3/2013 17:46:59] /addskill ub kenobi, lvl
[3/3/2013 17:46:59] /addskill ub kenobi, lvl
[3/3/2013 17:46:59] /addskill ub kenobi, lvl
[3/3/2013 17:47:0] /addskill ub kenobi, lvl
[3/3/2013 17:47:0] /addskill ub kenobi, lvl
[3/3/2013 17:47:1] /addskill ub kenobi, lvl
[3/3/2013 17:47:1] /addskill ub kenobi, lvl
[3/3/2013 17:47:2] /addskill ub kenobi, lvl
[3/3/2013 17:47:2] /addskill ub kenobi, lvl
[3/3/2013 17:47:2] /addskill ub kenobi, lvl
[3/3/2013 17:47:3] /addskill ub kenobi, lvl
[3/3/2013 17:47:3] /addskill ub kenobi, lvl
[3/3/2013 17:47:4] /addskill ub kenobi, lvl
[3/3/2013 17:47:4] /addskill ub kenobi, lvl
[3/3/2013 17:47:4] /addskill ub kenobi, lvl
[3/3/2013 17:47:5] /addskill ub kenobi, lvl
[3/3/2013 17:47:5] /addskill ub kenobi, lvl
[3/3/2013 17:47:6] /addskill ub kenobi, lvl
[3/3/2013 17:47:6] /addskill ub kenobi, lvl
[3/3/2013 17:47:6] /addskill ub kenobi, lvl
[3/3/2013 17:47:7] /addskill ub kenobi, lvl
[3/3/2013 17:47:7] /addskill ub kenobi, lvl
[3/3/2013 17:47:8] /addskill ub kenobi, lvl
[3/3/2013 17:47:8] /addskill ub kenobi, lvl
[3/3/2013 17:47:9] /addskill ub kenobi, lvl
[3/3/2013 17:47:11] /addskill ub kenobi, lvl
[3/3/2013 17:47:12] /addskill ub kenobi, lvl
[3/3/2013 17:47:12] /addskill ub kenobi, lvl
[3/3/2013 17:47:13] /addskill ub kenobi, lvl
[3/3/2013 17:47:14] /addskill ub kenobi, lvl
[3/3/2013 17:47:14] /addskill ub kenobi, lvl
[3/3/2013 17:47:15] /addskill ub kenobi, lvl
[3/3/2013 17:47:16] /addskill ub kenobi, lvl
[3/3/2013 19:11:18] /i 11647
[3/3/2013 19:11:42] /i magic forcefield
[3/3/2013 19:11:45] /i 11647
[3/3/2013 19:31:46] /i 8302
[3/3/2013 19:31:51] /r
[3/3/2013 19:31:52] /r
[3/3/2013 19:31:54] /i 8302
[3/3/2013 19:32:2] /i magic forcefield
[4/3/2013 8:53:5] /t
[4/3/2013 9:18:47] /i 6372
[4/3/2013 9:19:22] /i drawers kit
[4/3/2013 9:19:27] /i drawer kit
[4/3/2013 9:19:31] /i drawer kit
[4/3/2013 9:19:42] /r
[4/3/2013 9:19:46] /r
[4/3/2013 9:20:3] /i bookcase kit
[4/3/2013 9:20:11] /r
[4/3/2013 16:7:33] /reload talkactions
[4/3/2013 16:10:35] /cleanhouses
[4/3/2013 16:11:35] /cleanhouses
[4/3/2013 16:11:48] /cleanhouses
[4/3/2013 16:11:58] /cleanhouses
[4/3/2013 16:12:27] /mode
[4/3/2013 16:12:30] /mode pvp
[4/3/2013 16:12:37] /mode op
[4/3/2013 16:12:41] /mode open pvp
[4/3/2013 16:12:50] /mode pvp
[4/3/2013 16:12:56] /mode pvp e
[4/3/2013 16:12:57] /mode pvpe
[4/3/2013 16:13:1] /mode pvp enforced
[4/3/2013 16:13:8] /mode pvp enforced
[4/3/2013 16:13:16] /mode pvp enforced
[4/3/2013 16:13:41] /storage
[4/3/2013 16:13:44] /storage 1000
[4/3/2013 16:13:51] /storage tibia
[4/3/2013 16:13:53] /storage tibia, 22
[4/3/2013 16:14:11] /config
[4/3/2013 16:14:24] /config pvp
[4/3/2013 16:14:29] /config rate
[4/3/2013 16:14:40] /config account manager
[4/3/2013 16:14:46] /config accountmanager
[4/3/2013 16:16:29] /squelch
[4/3/2013 16:16:34] /squelch
[4/3/2013 16:16:45] /cliport
[4/3/2013 16:16:54] /cliport
[4/3/2013 16:17:0] /cliport
[4/3/2013 16:17:14] /cliport
[4/3/2013 16:17:26] /cliport
[4/3/2013 16:17:33] /cliport
[4/3/2013 16:17:36] /cliport
[4/3/2013 16:17:48] /down
[4/3/2013 16:17:56] /t
[4/3/2013 16:17:59] /cliport
[4/3/2013 16:18:5] /light
[4/3/2013 16:18:10] /light
[4/3/2013 16:18:33] /reports
[4/3/2013 16:18:45] /mc
[4/3/2013 16:18:59] /wp
[4/3/2013 16:19:22] /wp
[4/3/2013 16:19:55] /mode open pvp
[4/3/2013 16:26:14] /r
[4/3/2013 16:26:15] /r
[4/3/2013 16:26:16] /r
[4/3/2013 16:26:17] /r
[4/3/2013 16:26:21] /r
[4/3/2013 16:26:24] /r
[4/3/2013 16:28:14] /i green bed kit
[4/3/2013 16:28:38] /i blue bed kit
[4/3/2013 16:28:47] /i green bed kit
[4/3/2013 16:28:54] /i red bed kit
[4/3/2013 16:29:6] /i yellow bed kit
[4/3/2013 16:30:58] /i yellow bed kit
[4/3/2013 16:31:2] /i red bed kit
[4/3/2013 16:31:7] /i green bed kit
[4/3/2013 16:31:13] /i blue bed kit
[4/3/2013 16:33:49] /reload actions
[4/3/2013 16:35:16] /a 4
[4/3/2013 16:35:26] /a 3
[4/3/2013 16:37:59] /i rust remover
[4/3/2013 16:38:1] /i rust remover
[4/3/2013 16:38:2] /i rustremover
[4/3/2013 16:38:13] /i rust remove
[4/3/2013 16:38:14] /i rust remove
[4/3/2013 16:38:43] /i Flask of Rust Remover
[4/3/2013 16:39:33] /i rusty armor
[4/3/2013 16:42:38] /reload actions
[4/3/2013 16:42:52] /i rusty legs
[4/3/2013 16:42:56] /i rusty legs
[4/3/2013 16:43:1] /i rusty legs
[4/3/2013 16:44:34] /t
[4/3/2013 16:52:16] /t
[4/3/2013 18:23:2] /reload talkactions
[4/3/2013 18:46:1] /reports
[4/3/2013 22:14:35] /i 7594
[4/3/2013 22:32:43] /m king
[4/3/2013 22:34:14] /i 1737
