[19/4/2013 14:38:29] /i plate armor
[19/4/2013 14:38:31] /i plate armor
[19/4/2013 14:38:32] /i plate armor
[19/4/2013 14:38:33] /i plate armor
[19/4/2013 14:38:35] /i plate armor
[19/4/2013 14:38:37] /i plate armor
[19/4/2013 14:38:37] /i plate armor
[19/4/2013 14:38:38] /i plate armor
[19/4/2013 14:38:53] /i plate legs
[19/4/2013 14:38:54] /i plate legs
[19/4/2013 14:38:55] /i plate legs
[19/4/2013 14:38:55] /i plate legs
[19/4/2013 14:38:56] /i plate legs
[19/4/2013 14:39:0] /i plate helmet
[19/4/2013 14:39:3] /i plate helmet
[19/4/2013 14:39:17] /i steel helmet
[19/4/2013 14:39:18] /i steel helmet
[19/4/2013 14:39:19] /i steel helmet
[19/4/2013 14:39:20] /i steel helmet
[19/4/2013 14:39:20] /i steel helmet
[19/4/2013 14:39:26] /i dwarven shield
[19/4/2013 14:39:27] /i dwarven shield
[19/4/2013 14:39:28] /i dwarven shield
[19/4/2013 14:39:28] /i dwarven shield
[19/4/2013 14:39:30] /i dwarven shield
[19/4/2013 14:39:36] /i leather boots
[19/4/2013 14:39:37] /i leather boots
[19/4/2013 14:39:37] /i leather boots
[19/4/2013 14:39:38] /i leather boots
[19/4/2013 14:39:38] /i leather boots
[19/4/2013 14:39:38] /i leather boots
[19/4/2013 14:39:40] /i leather boots
[19/4/2013 14:40:20] /i throwing star
[19/4/2013 14:40:29] /i snakebit rod
[19/4/2013 14:40:32] /i snakebitrod
[19/4/2013 14:40:40] /i snakebite rod
[19/4/2013 14:40:48] /i wand of vortex
[19/4/2013 14:41:3] /i serpent sword
[19/4/2013 14:41:14] /i golden backpac
[19/4/2013 14:41:16] /i golden backpack
[19/4/2013 14:41:17] /i golden backpack
[19/4/2013 14:41:19] /i golden backpack
[19/4/2013 14:41:19] /i golden backpack
[19/4/2013 14:41:34] /i golden backpack
[19/4/2013 14:41:42] /i mana rune
[19/4/2013 14:41:47] /i recovery rune
[19/4/2013 14:42:5] /i brown mushrooms
[19/4/2013 14:42:6] /i brown mushroom
[19/4/2013 14:44:43] /i amulet of loss
[19/4/2013 14:44:45] /i amulet of loss
[19/4/2013 14:44:46] /i amulet of loss
[19/4/2013 14:44:48] /i amulet of loss
[19/4/2013 14:44:48] /i amulet of loss
[20/4/2013 0:8:0] /closeserver
[22/4/2013 14:18:32] /r
[22/4/2013 14:18:34] /r
[22/4/2013 14:18:37] /r
[22/4/2013 14:18:44] /r
[22/4/2013 14:18:45] /r
[22/4/2013 14:18:46] /r
[22/4/2013 14:18:46] /r
[22/4/2013 14:18:47] /r
[22/4/2013 14:18:48] /r
[26/4/2013 14:29:2] /closeserver
[26/4/2013 18:2:22] /openserver
[26/4/2013 18:32:56] /a 20
[26/4/2013 18:58:51] /a 10
[26/4/2013 18:58:54] /a 9
[26/4/2013 18:58:58] /a 8
[26/4/2013 18:58:59] /a 7
[26/4/2013 18:59:1] /a 6
[26/4/2013 18:59:2] /a 5
[26/4/2013 18:59:4] /a 4
[26/4/2013 18:59:10] /a 10
[26/4/2013 18:59:12] /a 11
[26/4/2013 18:59:15] /a 9
[26/4/2013 18:59:17] /a 8
[26/4/2013 18:59:19] /a 7
[26/4/2013 18:59:20] /a 5
[26/4/2013 18:59:25] /a 6
[26/4/2013 18:59:27] /a 11
[26/4/2013 18:59:28] /a 12
[26/4/2013 18:59:29] /a 13
[26/4/2013 18:59:30] /a 14
[26/4/2013 18:59:31] /a 15
[26/4/2013 18:59:35] /a 14
[26/4/2013 18:59:36] /a 14
[26/4/2013 18:59:37] /a 15
[26/4/2013 18:59:40] /a 13
[26/4/2013 18:59:42] /a 12
[26/4/2013 19:2:6] /ghost
[26/4/2013 19:13:10] /goto Del Peltor
[26/4/2013 19:14:48] /t
[26/4/2013 20:3:53] /up
[26/4/2013 21:2:6] /ghost
[27/4/2013 2:13:54] /goto Jenzlicious
[27/4/2013 2:14:3] /goto Jenzlicious
[27/4/2013 2:14:28] /goto Jenzlicious
[27/4/2013 2:14:46] /goto Fineness
[27/4/2013 2:15:11] /goto 	Gammal Soffkan
[27/4/2013 2:15:14] /goto Gammal Soffkan
[27/4/2013 2:15:18] /goto Gammal Soffkan
[27/4/2013 2:15:25] /goto Gammal Soffkan
[27/4/2013 2:15:29] /goto Gammal Soffkant
[27/4/2013 2:19:15] /goto Gammal Soffkant
[27/4/2013 2:22:35] /ghost
[27/4/2013 2:22:37] /t
[27/4/2013 2:24:52] /r
[27/4/2013 10:25:35] /ghost
[27/4/2013 10:25:38] /goto Moody
[27/4/2013 10:25:57] /t
[27/4/2013 10:26:56] /save
[27/4/2013 10:34:33] /i 12320
[27/4/2013 10:34:51] /i 5952
[27/4/2013 11:1:54] /t
[27/4/2013 11:5:30] /r
[27/4/2013 11:6:20] /ban /ban
[27/4/2013 11:6:29] /ban
[27/4/2013 11:6:33] /ban
[27/4/2013 11:6:37] /ban
[27/4/2013 11:7:52] /ban Jenzlicious
[27/4/2013 11:8:4] /ban
[27/4/2013 11:8:19] /ban
[27/4/2013 11:8:37] /ban
[27/4/2013 11:9:56] /ban
[27/4/2013 11:10:6] /ban
[27/4/2013 11:13:19] /reload talkactions
[27/4/2013 11:13:55] /ban Jenzlicious,35,AFK BOT
[27/4/2013 11:19:39] /reload talkactions
[27/4/2013 11:19:52] /ban
[27/4/2013 11:20:22] /ban
[27/4/2013 11:29:48] /i stamina doll
[27/4/2013 11:44:54] /ban Jenzlicious
[27/4/2013 11:45:30] /ban
[27/4/2013 11:45:35] /ban
[27/4/2013 11:45:39] /ban
[27/4/2013 11:45:49] /ban
[27/4/2013 11:45:56] /ban
[27/4/2013 11:48:29] /ban
[27/4/2013 11:53:18] /reload talkactions
[27/4/2013 11:59:25] /goto Hamdija
[27/4/2013 11:59:41] /ghost
[27/4/2013 12:0:29] /t
[27/4/2013 12:1:48] /reload talkactions
[27/4/2013 12:1:53] /save
[27/4/2013 12:2:21] /ban ub kenobi, 35, AFK BOT
[27/4/2013 12:4:32] /ban UB Kenobi, 10, 10, AFK BOT
[27/4/2013 12:22:20] /unban ub kenobi
[27/4/2013 12:23:33] /ban ub kenobi, 35, AFK BOTexana mort
[27/4/2013 12:23:41] /down
[27/4/2013 12:23:42] /down
[27/4/2013 12:49:48] /s demon
[27/4/2013 12:49:58] /i sudden death rune
[27/4/2013 12:50:23] /addskill GOD KUSH, lvl, 1
[27/4/2013 12:50:27] /addskill GOD KUSH, lvl, 10
[27/4/2013 12:50:28] /addskill GOD KUSH, lvl, 10
[27/4/2013 12:50:29] /addskill GOD KUSH, lvl, 10
[27/4/2013 12:50:33] /addskill GOD KUSH, lvl, 100
[27/4/2013 12:50:34] /addskill GOD KUSH, lvl, 100
[27/4/2013 12:50:34] /addskill GOD KUSH, lvl, 100
[27/4/2013 12:50:35] /addskill GOD KUSH, lvl, 100
[27/4/2013 12:50:35] /addskill GOD KUSH, lvl, 100
[27/4/2013 12:50:36] /addskill GOD KUSH, lvl, 100
[27/4/2013 12:50:36] /addskill GOD KUSH, lvl, 100
[27/4/2013 12:50:36] /addskill GOD KUSH, lvl, 100
[27/4/2013 12:50:37] /addskill GOD KUSH, lvl, 100
[27/4/2013 12:50:46] /addskill GOD KUSH, lvl, 53
[27/4/2013 12:50:50] /addskill GOD KUSH, lvl, 15
[27/4/2013 12:51:3] /addskill GOD KUSH, mg, 70
[27/4/2013 13:40:54] /i 5952
[27/4/2013 14:7:49] /bc 25 min from now, server will be closed for about 5 min due to updates. 
[27/4/2013 14:26:51] /bc Fast restart in 10 min. Get ready.
[27/4/2013 14:31:7] /bc Fast restart in 2 min. Get ready.
[27/4/2013 14:33:6] /bc Fast restart in 1 min. Get ready.
[27/4/2013 14:34:34] /save
[27/4/2013 14:34:41] /closeserver
[27/4/2013 14:35:12] /openserver
[27/4/2013 14:36:0] /ghost
[28/4/2013 17:16:4] /down
[28/4/2013 17:16:8] /t
[28/4/2013 17:19:7] /ghost
[28/4/2013 17:35:38] /ghost
[28/4/2013 17:35:40] /ghost
[29/4/2013 15:11:47] /s demon
[29/4/2013 15:11:54] /i arrow
[29/4/2013 15:16:59] /save
[29/4/2013 15:17:4] /reload spells
[29/4/2013 15:17:32] /bc Sorry for laggs 
[29/4/2013 15:21:42] /reload spells
[29/4/2013 15:26:35] /reload spells
[29/4/2013 15:27:41] /reload spells
[29/4/2013 15:29:14] /reload spells
[29/4/2013 15:30:20] /reload spells
[29/4/2013 15:32:23] /reload spells
[29/4/2013 15:32:42] /reload spells
[29/4/2013 15:34:41] /reload spells
[29/4/2013 15:36:33] /reload spells
[29/4/2013 15:36:53] /s demon
[29/4/2013 15:36:56] /s demon
[29/4/2013 15:41:34] /reload spells
[29/4/2013 15:42:7] /s demon
[29/4/2013 15:46:0] /reload spells
[29/4/2013 15:47:49] /reload spells
[29/4/2013 15:49:32] /reload spells
[29/4/2013 15:50:29] /reload spells
[29/4/2013 15:50:50] /bc Agian, sorry for causing laggs. Will be over soon.
[29/4/2013 15:51:32] /s demon
[29/4/2013 15:56:49] /ghost
[29/4/2013 15:56:52] /goto Fetmanflaxar
[29/4/2013 16:1:2] /t
[29/4/2013 16:2:26] /t
[29/4/2013 16:3:24] /t
[29/4/2013 16:5:4] /t
[29/4/2013 17:8:46] /s demon
[29/4/2013 17:9:14] /s dragon lord
[29/4/2013 17:10:55] /reload spells
[29/4/2013 19:2:11] /reload spells
[29/4/2013 19:3:9] /reload spells
[30/4/2013 8:57:43] /ghost
[30/4/2013 8:57:45] /t
[30/4/2013 15:3:13] /r
[30/4/2013 15:41:38] /down
[30/4/2013 15:41:46] /up
[30/4/2013 15:44:19] /r
[30/4/2013 15:44:20] /r
[30/4/2013 15:44:21] /r
[30/4/2013 15:44:23] /r
[30/4/2013 15:44:24] /r
[30/4/2013 15:44:27] /r
[30/4/2013 15:44:27] /r
[30/4/2013 15:44:28] /r
[30/4/2013 15:44:33] /r
[30/4/2013 15:44:38] /r
[30/4/2013 15:44:39] /r
[30/4/2013 15:44:39] /r
[30/4/2013 15:44:41] /r
[30/4/2013 15:44:57] /r
[30/4/2013 15:44:57] /r
[30/4/2013 15:44:58] /r
[30/4/2013 15:44:58] /r
[30/4/2013 15:44:58] /r
[30/4/2013 15:44:59] /r
[1/5/2013 16:46:16] /ghost
[1/5/2013 16:46:34] /t
[1/5/2013 16:49:12] /t
[4/5/2013 12:19:13] /up
[4/5/2013 12:19:15] /up
[4/5/2013 12:19:17] /up 4
[4/5/2013 12:19:19] /up 3
[4/5/2013 12:19:27] /up 3
[4/5/2013 12:22:42] /bc Fast restart in 20 min. 
[4/5/2013 12:36:28] /bc Fast restart in 5 min. 
[4/5/2013 12:40:56] /bc Fast restart in 1 min. 
[4/5/2013 12:52:22] /ghost
[4/5/2013 12:59:12] /goto Challe
[4/5/2013 13:0:13] /t
[4/5/2013 13:59:48] /up
[4/5/2013 14:0:4] /up
[4/5/2013 14:0:7] /r
[4/5/2013 14:0:8] /r
[5/5/2013 13:32:1] /ghost
[5/5/2013 13:50:46] /mc
[5/5/2013 13:52:5] /mc
[5/5/2013 14:19:18] /bc Server went down for some reason, we are working on the problem. And we are sorry for your loss!
[5/5/2013 16:57:29] /a 30
[5/5/2013 16:58:36] /ghost
[11/5/2013 11:6:34] /goto chaos
[11/5/2013 11:6:56] /c chaos
[11/5/2013 11:7:7] /c chaos
[11/5/2013 11:7:11] /c ch
[11/5/2013 11:7:55] /n chaous
[11/5/2013 11:8:2] /n chaos
[11/5/2013 11:8:4] /n chaos
[11/5/2013 11:8:9] /goto chaos
[11/5/2013 11:8:11] /goto chaos
[11/5/2013 11:8:17] /goto chaos
[16/5/2013 18:23:26] /ghost
[16/5/2013 18:24:19] /s demon
[16/5/2013 18:24:38] /s demon
[16/5/2013 18:24:49] /s demon
[16/5/2013 18:24:51] /s demon
[16/5/2013 18:25:0] /s demon
[16/5/2013 18:26:0] /reload spells
[16/5/2013 18:27:11] /reload spells
[16/5/2013 18:27:16] /s demon
[16/5/2013 18:29:55] /reload spells
[16/5/2013 18:29:59] /s demon
[16/5/2013 18:30:22] /s demon
[16/5/2013 18:30:26] /reload spells
[16/5/2013 18:41:27] /reload spells
[16/5/2013 18:42:12] /s demon
[17/5/2013 18:4:5] /ghost
[21/5/2013 1:59:31] /ghost
[21/5/2013 1:59:40] /goto trojan
[21/5/2013 1:59:50] /goto zippe
[21/5/2013 2:0:37] /goto zippe
[21/5/2013 2:0:38] /goto trojan
[21/5/2013 2:0:46] /save
[28/6/2013 2:10:55] /ghost
[28/6/2013 2:14:19] /cleanhouses
[28/6/2013 2:14:33] /cleanhouses
